warn: GET /api/auth/me - 401 - Oturum açılmamış {"timestamp":"2025-11-13T18:14:28.568Z"}
warn: GET /api/auth/me - 401 - Oturum açılmamış {"timestamp":"2025-11-13T18:14:28.596Z"}
warn: GET /api/auth/me - 401 - Oturum açılmamış {"timestamp":"2025-11-13T18:14:34.779Z"}
warn: GET /api/auth/me - 401 - Oturum açılmamış {"timestamp":"2025-11-13T18:14:34.785Z"}
error: POST /api/auth/register - 500 - relation "users" does not exist {"timestamp":"2025-11-13T18:23:32.746Z"}
error: POST /api/auth/register - 500 - relation "users" does not exist {"timestamp":"2025-11-13T18:26:01.556Z"}
error: POST /api/auth/register - 500 - relation "users" does not exist {"timestamp":"2025-11-13T18:40:35.338Z"}
error: POST /api/auth/register - 500 - relation "users" does not exist {"timestamp":"2025-11-13T18:41:54.257Z"}
error: POST /api/auth/register - 500 - relation "users" does not exist {"timestamp":"2025-11-13T18:43:06.791Z"}
warn: GET /api/auth/me - 401 - Oturum açılmamış {"timestamp":"2025-11-13T20:27:28.743Z"}
warn: GET /api/auth/me - 401 - Oturum açılmamış {"timestamp":"2025-11-13T20:27:28.766Z"}
warn: POST /api/auth/login - 400 - Güvenlik doğrulama bilgileri eksik. {"timestamp":"2025-11-13T20:27:37.389Z"}
error: POST /api/auth/login - 500 - relation "users" does not exist {"timestamp":"2025-11-13T20:29:30.426Z"}
error: POST /api/auth/login - 500 - relation "users" does not exist {"timestamp":"2025-11-13T20:30:54.026Z"}
error: POST /api/auth/login - 500 - relation "users" does not exist {"timestamp":"2025-11-13T20:39:45.025Z"}
error: POST /api/auth/login - 500 - relation "users" does not exist {"timestamp":"2025-11-13T20:41:12.897Z"}
error: POST /api/auth/login - 500 - relation "users" does not exist {"timestamp":"2025-11-13T20:41:29.592Z"}
error: POST /api/auth/login - 500 - relation "users" does not exist {"timestamp":"2025-11-13T20:42:33.650Z"}
error: POST /api/auth/login - 500 - relation "users" does not exist {"timestamp":"2025-11-13T20:44:46.339Z"}
error: POST /api/auth/login - 500 - relation "users" does not exist {"timestamp":"2025-11-13T20:46:24.820Z"}
error: POST /api/auth/login - 500 - relation "users" does not exist {"timestamp":"2025-11-13T20:46:33.382Z"}
error: POST /api/auth/login - 500 - relation "users" does not exist {"timestamp":"2025-11-13T20:46:57.058Z"}
warn: POST /api/auth/login - 404 - Kullanıcı bulunamadı! {"timestamp":"2025-11-13T20:50:00.141Z"}
warn: POST /api/auth/verify-email-otp - 400 - Doğrulama kodu hatalı {"timestamp":"2025-11-13T20:51:57.143Z"}
warn: POST /api/auth/verify-email-otp - 400 - Doğrulama kodu hatalı {"timestamp":"2025-11-13T20:52:17.675Z"}
warn: POST /api/auth/resend-verification-email - 429 - Yeni bir doğrulama kodu istemeden önce lütfen birkaç dakika bekleyin. {"timestamp":"2025-11-13T21:05:36.143Z"}
warn: POST /api/auth/resend-verification-email - 429 - Yeni bir doğrulama kodu istemeden önce lütfen birkaç dakika bekleyin. {"timestamp":"2025-11-13T21:05:48.740Z"}
warn: POST /api/auth/resend-verification-email - 429 - Yeni bir doğrulama kodu istemeden önce lütfen birkaç dakika bekleyin. {"timestamp":"2025-11-13T21:05:50.060Z"}
warn: GET /api/invitations/token?token=f0ca9170-e5f3-4c40-b17b-a01a3d12953f - 400 - Bu davet iptal edilmiş {"timestamp":"2025-11-13T22:12:11.479Z"}
warn: GET /api/invitations/token?token=f0ca9170-e5f3-4c40-b17b-a01a3d12953f - 400 - Bu davet iptal edilmiş {"timestamp":"2025-11-13T22:12:11.483Z"}
warn: GET /api/invitations/token?token=f835e268-41db-4375-b4e5-535fb19213e43 - 404 - Davet bulunamadı {"timestamp":"2025-11-13T22:16:48.065Z"}
warn: GET /api/invitations/token?token=f835e268-41db-4375-b4e5-535fb19213e43 - 404 - Davet bulunamadı {"timestamp":"2025-11-13T22:16:48.070Z"}
warn: GET /api/invitations/token?token=f835e268-41db-4375-b4e5-535fb19213e43 - 404 - Davet bulunamadı {"timestamp":"2025-11-13T22:16:49.054Z"}
warn: GET /api/invitations/token?token=f835e268-41db-4375-b4e5-535fb19213e1 - 404 - Davet bulunamadı {"timestamp":"2025-11-13T22:16:56.213Z"}
warn: GET /api/invitations/token?token=f835e268-41db-4375-b4e5-535fb19213e1 - 404 - Davet bulunamadı {"timestamp":"2025-11-13T22:16:56.226Z"}
warn: GET /api/auth/me - 401 - Oturum açılmamış {"timestamp":"2025-11-13T22:18:30.156Z"}
warn: GET /api/auth/me - 401 - Oturum açılmamış {"timestamp":"2025-11-13T22:18:30.158Z"}
warn: GET /api/auth/me - 401 - Oturum açılmamış {"timestamp":"2025-11-13T22:19:12.619Z"}
warn: GET /api/auth/me - 401 - Oturum açılmamış {"timestamp":"2025-11-13T22:19:12.622Z"}
warn: POST /api/auth/login - 401 - Sifre yanlış! {"timestamp":"2025-11-14T06:57:18.881Z"}
warn: GET /api/auth/me - 401 - Oturum açılmamış {"timestamp":"2025-11-14T16:48:11.087Z"}
warn: GET /api/auth/me - 401 - Oturum açılmamış {"timestamp":"2025-11-14T16:48:11.095Z"}
warn: GET /api/auth/me - 401 - Oturum açılmamış {"timestamp":"2025-11-14T16:48:11.154Z"}
warn: GET /api/auth/me - 401 - Oturum açılmamış {"timestamp":"2025-11-14T16:48:11.157Z"}
warn: GET /api/auth/me - 401 - Oturum açılmamış {"timestamp":"2025-11-14T16:48:43.925Z"}
warn: GET /api/auth/me - 401 - Oturum açılmamış {"timestamp":"2025-11-14T16:48:43.928Z"}
warn: POST /api/auth/login - 404 - Kullanıcı bulunamadı! {"timestamp":"2025-11-14T16:48:48.591Z"}
warn: GET /api/auth/me - 401 - Oturum açılmamış {"timestamp":"2025-11-14T16:50:06.173Z"}
warn: GET /api/auth/me - 401 - Oturum açılmamış {"timestamp":"2025-11-14T16:50:06.177Z"}
warn: GET /api/auth/me - 401 - Oturum açılmamış {"timestamp":"2025-11-14T16:50:43.163Z"}
warn: GET /api/auth/me - 401 - Oturum açılmamış {"timestamp":"2025-11-14T16:50:43.165Z"}
warn: GET /api/auth/me - 401 - Oturum açılmamış {"timestamp":"2025-11-14T16:59:08.897Z"}
warn: GET /api/auth/me - 401 - Oturum açılmamış {"timestamp":"2025-11-14T16:59:08.902Z"}
warn: GET /api/auth/me - 401 - Oturum açılmamış {"timestamp":"2025-11-14T16:59:08.963Z"}
warn: GET /api/auth/me - 401 - Oturum açılmamış {"timestamp":"2025-11-14T16:59:08.965Z"}
warn: GET /api/auth/me - 401 - Oturum açılmamış {"timestamp":"2025-11-14T16:59:13.956Z"}
warn: GET /api/auth/me - 401 - Oturum açılmamış {"timestamp":"2025-11-14T16:59:13.960Z"}
warn: GET /api/auth/me - 401 - Oturum açılmamış {"timestamp":"2025-11-14T17:01:15.289Z"}
warn: GET /api/auth/me - 401 - Oturum açılmamış {"timestamp":"2025-11-14T17:01:15.308Z"}
warn: GET /api/auth/me - 401 - Oturum açılmamış {"timestamp":"2025-11-14T17:01:17.079Z"}
warn: GET /api/auth/me - 401 - Oturum açılmamış {"timestamp":"2025-11-14T17:01:17.081Z"}
warn: GET /api/auth/me - 401 - Oturum açılmamış {"timestamp":"2025-11-14T17:01:21.978Z"}
warn: GET /api/auth/me - 401 - Oturum açılmamış {"timestamp":"2025-11-14T17:01:21.983Z"}
warn: GET /api/auth/me - 401 - Oturum açılmamış {"timestamp":"2025-11-14T17:01:23.390Z"}
warn: GET /api/auth/me - 401 - Oturum açılmamış {"timestamp":"2025-11-14T17:01:23.393Z"}
warn: GET /api/auth/me - 401 - Oturum açılmamış {"timestamp":"2025-11-14T17:08:00.574Z"}
warn: GET /api/auth/me - 401 - Oturum açılmamış {"timestamp":"2025-11-14T17:08:00.577Z"}
warn: GET /api/auth/me - 401 - Oturum açılmamış {"timestamp":"2025-11-14T17:08:18.166Z"}
warn: GET /api/auth/me - 401 - Oturum açılmamış {"timestamp":"2025-11-14T17:08:18.168Z"}
warn: GET /api/auth/me - 401 - Oturum açılmamış {"timestamp":"2025-11-14T18:40:01.555Z"}
warn: GET /api/auth/me - 401 - Oturum açılmamış {"timestamp":"2025-11-14T18:40:01.559Z"}
warn: GET /api/auth/me - 401 - Oturum açılmamış {"timestamp":"2025-11-14T18:46:00.754Z"}
warn: GET /api/auth/me - 401 - Oturum açılmamış {"timestamp":"2025-11-14T18:46:00.775Z"}
warn: GET /api/auth/me - 401 - Oturum açılmamış {"timestamp":"2025-11-14T18:46:17.061Z"}
warn: GET /api/auth/me - 401 - Oturum açılmamış {"timestamp":"2025-11-14T18:46:17.067Z"}
warn: GET /api/auth/me - 401 - Oturum açılmamış {"timestamp":"2025-11-14T18:46:17.150Z"}
warn: GET /api/auth/me - 401 - Oturum açılmamış {"timestamp":"2025-11-14T18:46:17.151Z"}
error: GET /api/invitations - 500 - relation "packages" does not exist {"timestamp":"2025-11-14T18:46:46.694Z"}
error: GET /api/invitations - 500 - relation "packages" does not exist {"timestamp":"2025-11-14T18:46:46.696Z"}
error: GET /api/invitations - 500 - relation "packages" does not exist {"timestamp":"2025-11-14T18:46:49.357Z"}
error: GET /api/invitations - 500 - relation "packages" does not exist {"timestamp":"2025-11-14T18:46:49.371Z"}
error: GET /api/invitations - 500 - relation "packages" does not exist {"timestamp":"2025-11-14T18:46:49.530Z"}
error: GET /api/invitations - 500 - relation "packages" does not exist {"timestamp":"2025-11-14T18:46:49.544Z"}
error: GET /api/invitations - 500 - relation "packages" does not exist {"timestamp":"2025-11-14T18:46:49.688Z"}
error: GET /api/invitations - 500 - relation "packages" does not exist {"timestamp":"2025-11-14T18:46:49.697Z"}
error: GET /api/invitations - 500 - relation "packages" does not exist {"timestamp":"2025-11-14T18:46:53.826Z"}
error: GET /api/invitations - 500 - relation "packages" does not exist {"timestamp":"2025-11-14T18:46:53.830Z"}
error: GET /api/invitations - 500 - relation "packages" does not exist {"timestamp":"2025-11-14T18:46:58.796Z"}
error: GET /api/invitations - 500 - relation "packages" does not exist {"timestamp":"2025-11-14T18:46:58.820Z"}
warn: GET /api/auth/me - 404 - Kullanıcı bulunamadı {"timestamp":"2025-11-14T18:48:31.084Z"}
warn: GET /api/auth/me - 404 - Kullanıcı bulunamadı {"timestamp":"2025-11-14T18:48:31.099Z"}
warn: GET /api/auth/me - 404 - Kullanıcı bulunamadı {"timestamp":"2025-11-14T18:48:31.182Z"}
warn: GET /api/auth/me - 404 - Kullanıcı bulunamadı {"timestamp":"2025-11-14T18:48:31.183Z"}
warn: GET /api/auth/me - 404 - Kullanıcı bulunamadı {"timestamp":"2025-11-14T18:48:34.345Z"}
warn: GET /api/auth/me - 404 - Kullanıcı bulunamadı {"timestamp":"2025-11-14T18:48:34.349Z"}
warn: GET /api/auth/me - 404 - Kullanıcı bulunamadı {"timestamp":"2025-11-14T18:48:34.417Z"}
warn: GET /api/auth/me - 404 - Kullanıcı bulunamadı {"timestamp":"2025-11-14T18:48:34.421Z"}
warn: GET /api/auth/me - 404 - Kullanıcı bulunamadı {"timestamp":"2025-11-14T18:48:35.641Z"}
warn: GET /api/auth/me - 404 - Kullanıcı bulunamadı {"timestamp":"2025-11-14T18:48:35.644Z"}
warn: GET /api/auth/me - 404 - Kullanıcı bulunamadı {"timestamp":"2025-11-14T18:48:57.648Z"}
warn: GET /api/auth/me - 404 - Kullanıcı bulunamadı {"timestamp":"2025-11-14T18:48:57.650Z"}
warn: POST /api/auth/verify-sms-otp - 400 - Doğrulama kodu hatalı {"timestamp":"2025-11-14T18:49:50.737Z"}
error: POST /api/invitations/send - 500 - Unexpected socket close {"timestamp":"2025-11-14T18:51:30.632Z"}
warn: POST /api/invitations/send - 409 - Bu e-posta adresine zaten aktif bir davet gönderilmiş {"timestamp":"2025-11-14T18:52:13.980Z"}
warn: POST /api/invitations/send - 409 - Bu e-posta adresine zaten aktif bir davet gönderilmiş {"timestamp":"2025-11-14T18:52:23.934Z"}
warn: POST /api/invitations/send - 409 - Bu e-posta adresine zaten aktif bir davet gönderilmiş {"timestamp":"2025-11-14T18:53:33.278Z"}
error: POST /api/invitations/accept - 500 - duplicate key value violates unique constraint "users_phone_key" {"timestamp":"2025-11-14T18:59:40.579Z"}
warn: GET /api/auth/me - 404 - Kullanıcı bulunamadı {"timestamp":"2025-11-14T18:59:56.587Z"}
warn: GET /api/auth/me - 404 - Kullanıcı bulunamadı {"timestamp":"2025-11-14T18:59:56.593Z"}
warn: GET /api/auth/me - 401 - Oturum açılmamış {"timestamp":"2025-11-14T19:07:09.128Z"}
warn: GET /api/auth/me - 401 - Oturum açılmamış {"timestamp":"2025-11-14T19:07:09.131Z"}
warn: GET /api/auth/me - 401 - Oturum açılmamış {"timestamp":"2025-11-14T19:07:09.517Z"}
warn: GET /api/auth/me - 401 - Oturum açılmamış {"timestamp":"2025-11-14T19:07:09.518Z"}
warn: GET /api/auth/me - 401 - Oturum açılmamış {"timestamp":"2025-11-14T19:07:18.541Z"}
warn: GET /api/auth/me - 401 - Oturum açılmamış {"timestamp":"2025-11-14T19:07:18.544Z"}
warn: GET /api/auth/me - 401 - Oturum açılmamış {"timestamp":"2025-11-14T19:07:19.139Z"}
warn: GET /api/auth/me - 401 - Oturum açılmamış {"timestamp":"2025-11-14T19:07:19.141Z"}
warn: GET /api/auth/me - 401 - Oturum açılmamış {"timestamp":"2025-11-14T19:07:52.442Z"}
warn: GET /api/auth/me - 401 - Oturum açılmamış {"timestamp":"2025-11-14T19:07:52.446Z"}
warn: GET /api/auth/me - 401 - Oturum açılmamış {"timestamp":"2025-11-14T19:07:55.319Z"}
warn: GET /api/auth/me - 401 - Oturum açılmamış {"timestamp":"2025-11-14T19:07:55.321Z"}
warn: GET /api/auth/me - 401 - Oturum açılmamış {"timestamp":"2025-11-14T19:11:07.230Z"}
warn: GET /api/auth/me - 401 - Oturum açılmamış {"timestamp":"2025-11-14T19:11:07.234Z"}
warn: GET /api/auth/me - 401 - Oturum açılmamış {"timestamp":"2025-11-14T19:11:08.387Z"}
warn: GET /api/auth/me - 401 - Oturum açılmamış {"timestamp":"2025-11-14T19:11:08.389Z"}
warn: GET /api/auth/me - 401 - Oturum açılmamış {"timestamp":"2025-11-14T19:11:23.019Z"}
warn: GET /api/auth/me - 401 - Oturum açılmamış {"timestamp":"2025-11-14T19:11:23.022Z"}
warn: GET /api/auth/me - 401 - Oturum açılmamış {"timestamp":"2025-11-14T19:16:15.246Z"}
warn: GET /api/auth/me - 401 - Oturum açılmamış {"timestamp":"2025-11-14T19:16:15.251Z"}
warn: GET /api/auth/me - 401 - Oturum açılmamış {"timestamp":"2025-11-14T19:16:15.335Z"}
warn: GET /api/auth/me - 401 - Oturum açılmamış {"timestamp":"2025-11-14T19:16:15.336Z"}
warn: GET /api/auth/me - 401 - Oturum açılmamış {"timestamp":"2025-11-14T20:36:36.846Z"}
warn: GET /api/auth/me - 401 - Oturum açılmamış {"timestamp":"2025-11-14T20:36:36.851Z"}
warn: GET /api/auth/me - 401 - Oturum açılmamış {"timestamp":"2025-11-14T20:36:42.175Z"}
warn: GET /api/auth/me - 401 - Oturum açılmamış {"timestamp":"2025-11-14T20:36:42.176Z"}
warn: GET /api/auth/me - 401 - Oturum açılmamış {"timestamp":"2025-11-14T20:36:42.228Z"}
warn: GET /api/auth/me - 401 - Oturum açılmamış {"timestamp":"2025-11-14T20:36:42.229Z"}
warn: GET /api/auth/me - 401 - Oturum açılmamış {"timestamp":"2025-11-15T10:23:54.903Z"}
warn: GET /api/auth/me - 401 - Oturum açılmamış {"timestamp":"2025-11-15T10:23:54.909Z"}
warn: GET /api/auth/me - 401 - Oturum açılmamış {"timestamp":"2025-11-15T10:23:54.979Z"}
warn: GET /api/auth/me - 401 - Oturum açılmamış {"timestamp":"2025-11-15T10:23:54.980Z"}
error: GET /api/coaching/statistics? - 500 - invalid input syntax for type uuid: "statistics" {"timestamp":"2025-11-15T11:33:35.986Z"}
error: GET /api/coaching/progress? - 500 - invalid input syntax for type uuid: "progress" {"timestamp":"2025-11-15T11:33:35.989Z"}
error: GET /api/coaching/statistics? - 500 - invalid input syntax for type uuid: "statistics" {"timestamp":"2025-11-15T11:33:36.018Z"}
error: GET /api/coaching/progress? - 500 - invalid input syntax for type uuid: "progress" {"timestamp":"2025-11-15T11:33:36.020Z"}
error: GET /api/coaching/statistics? - 500 - invalid input syntax for type uuid: "statistics" {"timestamp":"2025-11-15T11:33:42.307Z"}
error: GET /api/coaching/progress? - 500 - invalid input syntax for type uuid: "progress" {"timestamp":"2025-11-15T11:33:42.309Z"}
error: GET /api/coaching/progress? - 500 - invalid input syntax for type uuid: "progress" {"timestamp":"2025-11-15T11:33:42.334Z"}
error: GET /api/coaching/statistics? - 500 - invalid input syntax for type uuid: "statistics" {"timestamp":"2025-11-15T11:33:42.335Z"}
error: GET /api/coaching/progress? - 500 - invalid input syntax for type uuid: "progress" {"timestamp":"2025-11-15T11:33:47.027Z"}
error: GET /api/coaching/statistics?start_date=2025-11-14 - 500 - invalid input syntax for type uuid: "statistics" {"timestamp":"2025-11-15T11:33:47.029Z"}
error: GET /api/coaching/progress? - 500 - invalid input syntax for type uuid: "progress" {"timestamp":"2025-11-15T11:33:48.805Z"}
error: GET /api/coaching/statistics?start_date=2025-11-14&end_date=2025-11-16 - 500 - invalid input syntax for type uuid: "statistics" {"timestamp":"2025-11-15T11:33:48.807Z"}
error: GET /api/coaching/statistics?start_date=2025-11-14&end_date=2025-11-16 - 500 - invalid input syntax for type uuid: "statistics" {"timestamp":"2025-11-15T11:33:51.417Z"}
error: GET /api/coaching/statistics? - 500 - invalid input syntax for type uuid: "statistics" {"timestamp":"2025-11-15T11:33:52.060Z"}
error: GET /api/coaching/progress? - 500 - invalid input syntax for type uuid: "progress" {"timestamp":"2025-11-15T11:33:52.062Z"}
error: GET /api/coaching/statistics? - 500 - invalid input syntax for type uuid: "statistics" {"timestamp":"2025-11-15T11:34:25.821Z"}
error: GET /api/coaching/progress? - 500 - invalid input syntax for type uuid: "progress" {"timestamp":"2025-11-15T11:34:25.826Z"}
error: GET /api/coaching/statistics? - 500 - invalid input syntax for type uuid: "statistics" {"timestamp":"2025-11-15T11:34:25.835Z"}
error: GET /api/coaching/progress? - 500 - invalid input syntax for type uuid: "progress" {"timestamp":"2025-11-15T11:34:25.846Z"}
error: GET /api/coaching/statistics? - 500 - invalid input syntax for type uuid: "statistics" {"timestamp":"2025-11-15T11:34:29.818Z"}
error: GET /api/coaching/statistics? - 500 - invalid input syntax for type uuid: "statistics" {"timestamp":"2025-11-15T11:35:54.310Z"}
error: GET /api/coaching/progress? - 500 - invalid input syntax for type uuid: "progress" {"timestamp":"2025-11-15T11:35:54.314Z"}
error: GET /api/coaching/statistics? - 500 - invalid input syntax for type uuid: "statistics" {"timestamp":"2025-11-15T11:35:54.337Z"}
error: GET /api/coaching/progress? - 500 - invalid input syntax for type uuid: "progress" {"timestamp":"2025-11-15T11:35:54.339Z"}
error: GET /api/coaching/statistics?start_date=2025-11-08 - 500 - invalid input syntax for type uuid: "statistics" {"timestamp":"2025-11-15T11:35:58.566Z"}
error: GET /api/coaching/progress? - 500 - invalid input syntax for type uuid: "progress" {"timestamp":"2025-11-15T11:35:58.585Z"}
error: GET /api/coaching/statistics?start_date=2025-11-08&end_date=2025-11-20 - 500 - invalid input syntax for type uuid: "statistics" {"timestamp":"2025-11-15T11:36:00.712Z"}
error: GET /api/coaching/progress? - 500 - invalid input syntax for type uuid: "progress" {"timestamp":"2025-11-15T11:36:00.733Z"}
error: GET /api/coaching/statistics?start_date=2025-11-08&end_date=2025-11-20 - 500 - invalid input syntax for type uuid: "statistics" {"timestamp":"2025-11-15T11:36:02.212Z"}
error: GET /api/coaching/statistics?start_date=2025-11-08&end_date=2025-11-20 - 500 - invalid input syntax for type uuid: "statistics" {"timestamp":"2025-11-15T11:36:02.636Z"}
error: GET /api/coaching/statistics?start_date=2025-11-08&end_date=2025-11-20 - 500 - invalid input syntax for type uuid: "statistics" {"timestamp":"2025-11-15T11:36:02.795Z"}
error: GET /api/coaching/statistics?start_date=2025-11-08&end_date=2025-11-20 - 500 - invalid input syntax for type uuid: "statistics" {"timestamp":"2025-11-15T11:36:02.979Z"}
error: GET /api/coaching/statistics?start_date=2025-11-08&end_date=2025-11-20 - 500 - invalid input syntax for type uuid: "statistics" {"timestamp":"2025-11-15T11:36:03.158Z"}
error: GET /api/coaching/statistics?start_date=2025-11-08&end_date=2025-11-20 - 500 - invalid input syntax for type uuid: "statistics" {"timestamp":"2025-11-15T11:36:03.306Z"}
error: GET /api/coaching/statistics? - 500 - invalid input syntax for type uuid: "statistics" {"timestamp":"2025-11-15T11:41:03.015Z"}
error: GET /api/coaching/progress? - 500 - invalid input syntax for type uuid: "progress" {"timestamp":"2025-11-15T11:41:03.018Z"}
error: GET /api/coaching/progress? - 500 - invalid input syntax for type uuid: "progress" {"timestamp":"2025-11-15T11:41:03.043Z"}
error: GET /api/coaching/statistics? - 500 - invalid input syntax for type uuid: "statistics" {"timestamp":"2025-11-15T11:41:03.046Z"}
error: GET /api/coaching/statistics? - 500 - invalid input syntax for type uuid: "statistics" {"timestamp":"2025-11-15T11:44:27.673Z"}
error: GET /api/coaching/progress? - 500 - invalid input syntax for type uuid: "progress" {"timestamp":"2025-11-15T11:44:27.676Z"}
error: GET /api/coaching/progress? - 500 - invalid input syntax for type uuid: "progress" {"timestamp":"2025-11-15T11:44:27.692Z"}
error: GET /api/coaching/statistics? - 500 - invalid input syntax for type uuid: "statistics" {"timestamp":"2025-11-15T11:44:27.693Z"}
warn: GET /api/auth/me - 401 - Oturum açılmamış {"timestamp":"2025-11-15T14:40:22.214Z"}
warn: GET /api/auth/me - 401 - Oturum açılmamış {"timestamp":"2025-11-15T14:40:22.222Z"}
warn: GET /api/auth/me - 401 - Oturum açılmamış {"timestamp":"2025-11-15T14:40:22.326Z"}
warn: GET /api/auth/me - 401 - Oturum açılmamış {"timestamp":"2025-11-15T14:40:22.329Z"}
warn: GET /api/auth/me - 401 - Oturum açılmamış {"timestamp":"2025-11-15T16:11:24.835Z"}
warn: GET /api/auth/me - 401 - Oturum açılmamış {"timestamp":"2025-11-15T16:11:24.843Z"}
warn: GET /api/auth/me - 401 - Oturum açılmamış {"timestamp":"2025-11-15T16:11:24.923Z"}
warn: GET /api/auth/me - 401 - Oturum açılmamış {"timestamp":"2025-11-15T16:11:24.924Z"}
warn: GET /api/auth/me - 401 - Oturum açılmamış {"timestamp":"2025-11-15T16:31:11.250Z"}
warn: GET /api/auth/me - 401 - Oturum açılmamış {"timestamp":"2025-11-15T16:31:11.253Z"}
warn: GET /api/auth/me - 401 - Oturum açılmamış {"timestamp":"2025-11-15T16:31:13.307Z"}
warn: GET /api/auth/me - 401 - Oturum açılmamış {"timestamp":"2025-11-15T16:31:13.309Z"}
warn: GET /api/auth/me - 401 - Oturum açılmamış {"timestamp":"2025-11-15T16:31:17.579Z"}
warn: GET /api/auth/me - 401 - Oturum açılmamış {"timestamp":"2025-11-15T16:31:17.581Z"}
warn: GET /api/auth/me - 401 - Oturum açılmamış {"timestamp":"2025-11-15T16:32:44.809Z"}
warn: GET /api/auth/me - 401 - Oturum açılmamış {"timestamp":"2025-11-15T16:32:44.812Z"}
warn: GET /api/auth/me - 401 - Oturum açılmamış {"timestamp":"2025-11-15T16:32:45.255Z"}
warn: GET /api/auth/me - 401 - Oturum açılmamış {"timestamp":"2025-11-15T16:32:45.257Z"}
warn: GET /api/auth/me - 401 - Oturum açılmamış {"timestamp":"2025-11-15T16:32:45.399Z"}
warn: GET /api/auth/me - 401 - Oturum açılmamış {"timestamp":"2025-11-15T16:32:45.400Z"}
warn: GET /api/auth/me - 401 - Oturum açılmamış {"timestamp":"2025-11-15T16:32:45.559Z"}
warn: GET /api/auth/me - 401 - Oturum açılmamış {"timestamp":"2025-11-15T16:32:45.563Z"}
warn: GET /api/auth/me - 401 - Oturum açılmamış {"timestamp":"2025-11-15T16:32:45.710Z"}
warn: GET /api/auth/me - 401 - Oturum açılmamış {"timestamp":"2025-11-15T16:32:45.713Z"}
warn: GET /api/auth/me - 401 - Oturum açılmamış {"timestamp":"2025-11-15T16:32:55.963Z"}
warn: GET /api/auth/me - 401 - Oturum açılmamış {"timestamp":"2025-11-15T16:32:55.965Z"}
warn: GET /api/auth/me - 401 - Oturum açılmamış {"timestamp":"2025-11-15T16:33:15.730Z"}
warn: GET /api/auth/me - 401 - Oturum açılmamış {"timestamp":"2025-11-15T16:33:28.585Z"}
warn: GET /api/auth/me - 401 - Oturum açılmamış {"timestamp":"2025-11-15T16:33:31.017Z"}
warn: GET /api/auth/me - 401 - Oturum açılmamış {"timestamp":"2025-11-15T16:33:33.042Z"}
warn: GET /api/auth/me - 401 - Oturum açılmamış {"timestamp":"2025-11-15T16:33:33.043Z"}
warn: GET /api/auth/me - 401 - Oturum açılmamış {"timestamp":"2025-11-15T16:33:34.682Z"}
warn: GET /api/auth/me - 401 - Oturum açılmamış {"timestamp":"2025-11-15T16:33:34.684Z"}
warn: GET /api/auth/me - 401 - Oturum açılmamış {"timestamp":"2025-11-15T16:33:34.825Z"}
warn: GET /api/auth/me - 401 - Oturum açılmamış {"timestamp":"2025-11-15T16:33:34.826Z"}
warn: GET /api/auth/me - 401 - Oturum açılmamış {"timestamp":"2025-11-15T16:33:34.988Z"}
warn: GET /api/auth/me - 401 - Oturum açılmamış {"timestamp":"2025-11-15T16:33:34.989Z"}
warn: GET /api/auth/me - 401 - Oturum açılmamış {"timestamp":"2025-11-15T16:33:35.139Z"}
warn: GET /api/auth/me - 401 - Oturum açılmamış {"timestamp":"2025-11-15T16:33:35.143Z"}
warn: GET /api/auth/me - 401 - Oturum açılmamış {"timestamp":"2025-11-15T16:33:36.749Z"}
warn: GET /api/auth/me - 401 - Oturum açılmamış {"timestamp":"2025-11-15T16:33:38.547Z"}
warn: GET /api/auth/me - 401 - Oturum açılmamış {"timestamp":"2025-11-15T16:37:49.156Z"}
warn: GET /api/auth/me - 401 - Oturum açılmamış {"timestamp":"2025-11-15T16:37:49.160Z"}
warn: GET /api/auth/me - 401 - Oturum açılmamış {"timestamp":"2025-11-15T16:37:49.230Z"}
warn: GET /api/auth/me - 401 - Oturum açılmamış {"timestamp":"2025-11-15T16:37:49.232Z"}
warn: GET /api/auth/me - 401 - Oturum açılmamış {"timestamp":"2025-11-15T16:38:00.443Z"}
warn: GET /api/auth/me - 401 - Oturum açılmamış {"timestamp":"2025-11-15T16:38:00.446Z"}
warn: GET /api/auth/me - 401 - Oturum açılmamış {"timestamp":"2025-11-15T16:38:01.692Z"}
warn: GET /api/auth/me - 401 - Oturum açılmamış {"timestamp":"2025-11-15T16:38:01.695Z"}
warn: GET /api/auth/me - 401 - Oturum açılmamış {"timestamp":"2025-11-15T16:38:02.293Z"}
warn: GET /api/auth/me - 401 - Oturum açılmamış {"timestamp":"2025-11-15T16:38:02.295Z"}
warn: GET /api/auth/me - 401 - Oturum açılmamış {"timestamp":"2025-11-15T16:38:02.437Z"}
warn: GET /api/auth/me - 401 - Oturum açılmamış {"timestamp":"2025-11-15T16:38:02.439Z"}
warn: GET /api/auth/me - 401 - Oturum açılmamış {"timestamp":"2025-11-15T16:38:02.621Z"}
warn: GET /api/auth/me - 401 - Oturum açılmamış {"timestamp":"2025-11-15T16:38:02.622Z"}
warn: GET /api/auth/me - 401 - Oturum açılmamış {"timestamp":"2025-11-15T16:38:02.753Z"}
warn: GET /api/auth/me - 401 - Oturum açılmamış {"timestamp":"2025-11-15T16:38:02.755Z"}
warn: GET /api/auth/me - 401 - Oturum açılmamış {"timestamp":"2025-11-15T16:38:04.673Z"}
warn: GET /api/auth/me - 401 - Oturum açılmamış {"timestamp":"2025-11-15T16:38:04.675Z"}
warn: GET /api/auth/me - 401 - Oturum açılmamış {"timestamp":"2025-11-15T16:38:12.289Z"}
warn: GET /api/auth/me - 401 - Oturum açılmamış {"timestamp":"2025-11-15T16:38:12.292Z"}
warn: GET /api/auth/me - 401 - Oturum açılmamış {"timestamp":"2025-11-15T16:38:12.404Z"}
warn: GET /api/auth/me - 401 - Oturum açılmamış {"timestamp":"2025-11-15T16:38:12.404Z"}
warn: GET /api/auth/me - 401 - Oturum açılmamış {"timestamp":"2025-11-15T16:38:12.578Z"}
warn: GET /api/auth/me - 401 - Oturum açılmamış {"timestamp":"2025-11-15T16:38:12.579Z"}
warn: GET /api/auth/me - 401 - Oturum açılmamış {"timestamp":"2025-11-15T16:38:12.707Z"}
warn: GET /api/auth/me - 401 - Oturum açılmamış {"timestamp":"2025-11-15T16:38:12.710Z"}
warn: GET /api/auth/me - 401 - Oturum açılmamış {"timestamp":"2025-11-15T16:38:12.839Z"}
warn: GET /api/auth/me - 401 - Oturum açılmamış {"timestamp":"2025-11-15T16:38:12.840Z"}
warn: GET /api/auth/me - 401 - Oturum açılmamış {"timestamp":"2025-11-15T16:39:20.728Z"}
warn: GET /api/auth/me - 401 - Oturum açılmamış {"timestamp":"2025-11-15T16:39:20.733Z"}
warn: GET /api/auth/me - 401 - Oturum açılmamış {"timestamp":"2025-11-15T16:39:21.975Z"}
warn: GET /api/auth/me - 401 - Oturum açılmamış {"timestamp":"2025-11-15T16:39:21.977Z"}
warn: GET /api/auth/me - 401 - Oturum açılmamış {"timestamp":"2025-11-15T16:39:41.434Z"}
warn: GET /api/auth/me - 401 - Oturum açılmamış {"timestamp":"2025-11-15T16:39:42.036Z"}
warn: GET /api/auth/me - 401 - Oturum açılmamış {"timestamp":"2025-11-15T16:39:42.981Z"}
warn: GET /api/auth/me - 401 - Oturum açılmamış {"timestamp":"2025-11-15T16:39:44.045Z"}
warn: GET /api/auth/me - 401 - Oturum açılmamış {"timestamp":"2025-11-15T16:40:06.061Z"}
warn: GET /api/auth/me - 401 - Oturum açılmamış {"timestamp":"2025-11-15T16:42:11.585Z"}
warn: GET /api/auth/me - 401 - Oturum açılmamış {"timestamp":"2025-11-15T16:42:11.590Z"}
warn: GET /api/auth/me - 401 - Oturum açılmamış {"timestamp":"2025-11-15T16:43:14.680Z"}
warn: GET /api/auth/me - 401 - Oturum açılmamış {"timestamp":"2025-11-15T16:43:14.682Z"}
warn: GET /api/auth/me - 401 - Oturum açılmamış {"timestamp":"2025-11-15T16:43:26.222Z"}
warn: GET /api/auth/me - 401 - Oturum açılmamış {"timestamp":"2025-11-15T16:43:26.237Z"}
warn: GET /api/auth/me - 401 - Oturum açılmamış {"timestamp":"2025-11-15T16:43:30.934Z"}
warn: GET /api/auth/me - 401 - Oturum açılmamış {"timestamp":"2025-11-15T16:43:30.936Z"}
warn: GET /api/auth/me - 401 - Oturum açılmamış {"timestamp":"2025-11-15T16:43:31.071Z"}
warn: GET /api/auth/me - 401 - Oturum açılmamış {"timestamp":"2025-11-15T16:43:31.074Z"}
warn: GET /api/auth/me - 401 - Oturum açılmamış {"timestamp":"2025-11-15T16:43:31.228Z"}
warn: GET /api/auth/me - 401 - Oturum açılmamış {"timestamp":"2025-11-15T16:43:31.229Z"}
warn: GET /api/auth/me - 401 - Oturum açılmamış {"timestamp":"2025-11-15T16:43:31.377Z"}
warn: GET /api/auth/me - 401 - Oturum açılmamış {"timestamp":"2025-11-15T16:43:31.379Z"}
warn: GET /api/auth/me - 401 - Oturum açılmamış {"timestamp":"2025-11-15T16:43:31.539Z"}
warn: GET /api/auth/me - 401 - Oturum açılmamış {"timestamp":"2025-11-15T16:43:31.542Z"}
warn: GET /api/auth/me - 401 - Oturum açılmamış {"timestamp":"2025-11-15T16:43:56.477Z"}
warn: GET /api/auth/me - 401 - Oturum açılmamış {"timestamp":"2025-11-15T16:43:56.480Z"}
warn: GET /api/auth/me - 401 - Oturum açılmamış {"timestamp":"2025-11-15T16:50:25.590Z"}
warn: GET /api/auth/me - 401 - Oturum açılmamış {"timestamp":"2025-11-15T16:50:25.592Z"}
warn: GET /api/auth/me - 401 - Oturum açılmamış {"timestamp":"2025-11-15T16:54:13.651Z"}
warn: GET /api/auth/me - 401 - Oturum açılmamış {"timestamp":"2025-11-15T16:54:13.662Z"}
warn: GET /api/auth/me - 500 - relation "users" does not exist {"timestamp":"2025-11-15T16:56:05.641Z"}
warn: GET /api/auth/me - 500 - relation "users" does not exist {"timestamp":"2025-11-15T16:56:05.673Z"}
warn: GET /api/auth/me - 500 - relation "users" does not exist {"timestamp":"2025-11-15T16:56:05.732Z"}
warn: GET /api/auth/me - 500 - relation "users" does not exist {"timestamp":"2025-11-15T16:56:05.748Z"}
warn: GET /api/auth/me - 404 - Kullanıcı bulunamadı {"timestamp":"2025-11-15T17:00:36.251Z"}
warn: GET /api/auth/me - 404 - Kullanıcı bulunamadı {"timestamp":"2025-11-15T17:00:36.273Z"}
warn: GET /api/auth/me - 404 - Kullanıcı bulunamadı {"timestamp":"2025-11-15T17:01:02.517Z"}
warn: GET /api/auth/me - 404 - Kullanıcı bulunamadı {"timestamp":"2025-11-15T17:01:02.523Z"}
warn: GET /api/auth/me - 401 - Oturum açılmamış {"timestamp":"2025-11-15T20:27:23.595Z"}
warn: GET /api/auth/me - 401 - Oturum açılmamış {"timestamp":"2025-11-15T20:27:23.601Z"}
warn: GET /api/auth/me - 401 - Oturum açılmamış {"timestamp":"2025-11-17T07:30:47.078Z"}
warn: GET /api/auth/me - 401 - Oturum açılmamış {"timestamp":"2025-11-17T07:30:47.084Z"}
warn: GET /api/auth/me - 401 - Oturum açılmamış {"timestamp":"2025-11-17T07:30:47.159Z"}
warn: GET /api/auth/me - 401 - Oturum açılmamış {"timestamp":"2025-11-17T07:30:47.161Z"}
error: GET /api/activity-logs?page=1&limit=50&clientId=t - 500 - invalid input syntax for type uuid: "t" {"timestamp":"2025-11-17T08:21:20.714Z"}
error: GET /api/activity-logs?page=1&limit=50&clientId=tf - 500 - invalid input syntax for type uuid: "tf" {"timestamp":"2025-11-17T08:21:22.007Z"}
warn: GET /api/auth/me - 404 - Kullanıcı bulunamadı {"timestamp":"2025-11-17T09:18:26.990Z"}
warn: GET /api/auth/me - 404 - Kullanıcı bulunamadı {"timestamp":"2025-11-17T09:18:27.006Z"}
warn: GET /api/auth/me - 404 - Kullanıcı bulunamadı {"timestamp":"2025-11-17T09:18:27.220Z"}
warn: GET /api/auth/me - 404 - Kullanıcı bulunamadı {"timestamp":"2025-11-17T09:18:27.226Z"}
warn: GET /api/auth/me - 404 - Kullanıcı bulunamadı {"timestamp":"2025-11-17T09:20:07.060Z"}
warn: GET /api/auth/me - 404 - Kullanıcı bulunamadı {"timestamp":"2025-11-17T09:20:07.071Z"}
warn: GET /api/auth/me - 404 - Kullanıcı bulunamadı {"timestamp":"2025-11-17T09:20:08.268Z"}
warn: GET /api/auth/me - 404 - Kullanıcı bulunamadı {"timestamp":"2025-11-17T09:20:08.277Z"}
warn: GET /api/auth/me - 404 - Kullanıcı bulunamadı {"timestamp":"2025-11-17T09:20:21.013Z"}
warn: GET /api/auth/me - 404 - Kullanıcı bulunamadı {"timestamp":"2025-11-17T09:20:21.021Z"}
warn: GET /api/auth/me - 500 - relation "users" does not exist {"timestamp":"2025-11-17T09:36:03.667Z"}
warn: GET /api/auth/me - 500 - relation "users" does not exist {"timestamp":"2025-11-17T09:36:03.715Z"}
warn: GET /api/auth/me - 500 - relation "users" does not exist {"timestamp":"2025-11-17T09:36:03.790Z"}
warn: GET /api/auth/me - 500 - relation "users" does not exist {"timestamp":"2025-11-17T09:36:03.805Z"}
warn: GET /api/auth/me - 500 - relation "users" does not exist {"timestamp":"2025-11-17T09:36:28.505Z"}
warn: GET /api/auth/me - 500 - relation "users" does not exist {"timestamp":"2025-11-17T09:36:28.536Z"}
warn: GET /api/auth/me - 404 - Kullanıcı bulunamadı {"timestamp":"2025-11-17T09:37:34.841Z"}
warn: GET /api/auth/me - 404 - Kullanıcı bulunamadı {"timestamp":"2025-11-17T09:37:34.848Z"}
warn: GET /api/auth/me - 404 - Kullanıcı bulunamadı {"timestamp":"2025-11-17T09:37:50.596Z"}
warn: GET /api/auth/me - 404 - Kullanıcı bulunamadı {"timestamp":"2025-11-17T09:37:50.603Z"}
warn: POST /api/clients - 403 - Danışan limitine ulaştınız. Maksimum 15 danışan ekleyebilirsiniz. {"timestamp":"2025-11-17T09:42:52.848Z"}
warn: POST /api/clients - 403 - Danışan limitine ulaştınız. Maksimum 15 danışan ekleyebilirsiniz. {"timestamp":"2025-11-17T09:42:54.283Z"}
warn: GET /api/auth/me - 401 - Oturum açılmamış {"timestamp":"2025-11-17T10:08:44.810Z"}
warn: GET /api/auth/me - 401 - Oturum açılmamış {"timestamp":"2025-11-17T10:08:44.818Z"}
warn: GET /api/auth/me - 401 - Oturum açılmamış {"timestamp":"2025-11-17T10:12:07.050Z"}
warn: GET /api/auth/me - 401 - Oturum açılmamış {"timestamp":"2025-11-17T10:12:07.054Z"}
warn: GET /api/auth/me - 401 - Oturum açılmamış {"timestamp":"2025-11-17T10:12:09.905Z"}
warn: GET /api/auth/me - 401 - Oturum açılmamış {"timestamp":"2025-11-17T10:12:09.909Z"}
warn: GET /api/auth/me - 401 - Oturum açılmamış {"timestamp":"2025-11-17T10:24:38.049Z"}
warn: GET /api/auth/me - 401 - Oturum açılmamış {"timestamp":"2025-11-17T10:24:38.061Z"}
warn: GET /api/auth/me - 401 - Oturum açılmamış {"timestamp":"2025-11-17T10:24:46.587Z"}
warn: GET /api/auth/me - 401 - Oturum açılmamış {"timestamp":"2025-11-17T10:24:46.596Z"}
error: GET /api/activity-logs?page=1&limit=50&clientId=z - 500 - invalid input syntax for type uuid: "z" {"timestamp":"2025-11-17T10:48:59.168Z"}
error: GET /api/activity-logs?page=1&limit=50&clientId=ze - 500 - invalid input syntax for type uuid: "ze" {"timestamp":"2025-11-17T10:48:59.903Z"}
error: GET /api/activity-logs?page=1&limit=50&clientId=z - 500 - invalid input syntax for type uuid: "z" {"timestamp":"2025-11-17T10:49:00.114Z"}
error: GET /api/activity-logs?page=1&limit=50&clientId=d - 500 - invalid input syntax for type uuid: "d" {"timestamp":"2025-11-17T10:49:00.877Z"}
error: GET /api/activity-logs?page=1&limit=50&clientId=ds - 500 - invalid input syntax for type uuid: "ds" {"timestamp":"2025-11-17T10:49:01.017Z"}
error: GET /api/activity-logs?page=1&limit=50&clientId=dsd - 500 - invalid input syntax for type uuid: "dsd" {"timestamp":"2025-11-17T10:49:01.147Z"}
error: GET /api/activity-logs?page=1&limit=50&clientId=dsds - 500 - invalid input syntax for type uuid: "dsds" {"timestamp":"2025-11-17T10:49:01.245Z"}
error: GET /api/activity-logs?page=1&limit=50&clientId=3 - 500 - invalid input syntax for type uuid: "3" {"timestamp":"2025-11-17T10:49:03.244Z"}
error: GET /api/activity-logs?page=1&limit=50&clientId=33 - 500 - invalid input syntax for type uuid: "33" {"timestamp":"2025-11-17T10:49:03.513Z"}
error: GET /api/activity-logs?page=1&limit=50&clientId=332 - 500 - invalid input syntax for type uuid: "332" {"timestamp":"2025-11-17T10:49:03.722Z"}
error: GET /api/activity-logs?page=1&limit=50&clientId=3322 - 500 - invalid input syntax for type uuid: "3322" {"timestamp":"2025-11-17T10:49:03.852Z"}
warn: POST /api/clients/06632ba2-f87f-4208-b196-6e80092275ad/diet-plans - 500 - column "dietitian_id" of relation "diet_plans" does not exist {"timestamp":"2025-11-17T10:57:57.997Z"}
warn: POST /api/clients/06632ba2-f87f-4208-b196-6e80092275ad/diet-plans - 500 - column "dietitian_id" of relation "diet_plans" does not exist {"timestamp":"2025-11-17T10:58:08.771Z"}
warn: POST /api/clients/06632ba2-f87f-4208-b196-6e80092275ad/diet-plans - 500 - column "dietitian_id" of relation "diet_plans" does not exist {"timestamp":"2025-11-17T10:59:40.790Z"}
error: GET /api/diet-plan-templates - 500 - column "dietitian_id" does not exist {"timestamp":"2025-11-17T11:02:06.955Z"}
error: GET /api/diet-plan-templates - 500 - column "dietitian_id" does not exist {"timestamp":"2025-11-17T11:02:06.975Z"}
error: GET /api/diet-plan-templates - 500 - column "dietitian_id" does not exist {"timestamp":"2025-11-17T11:02:08.611Z"}
error: GET /api/diet-plan-templates - 500 - column "dietitian_id" does not exist {"timestamp":"2025-11-17T11:02:08.618Z"}
error: GET /api/diet-plan-templates - 500 - column "dietitian_id" does not exist {"timestamp":"2025-11-17T11:02:11.643Z"}
error: GET /api/diet-plan-templates - 500 - column "dietitian_id" does not exist {"timestamp":"2025-11-17T11:02:11.657Z"}
error: GET /api/diet-plan-templates - 500 - column "dietitian_id" does not exist {"timestamp":"2025-11-17T11:02:14.855Z"}
error: GET /api/diet-plan-templates - 500 - column "dietitian_id" does not exist {"timestamp":"2025-11-17T11:02:14.869Z"}
warn: POST /api/diet-plan-templates - 500 - column "dietitian_id" of relation "diet_plans" does not exist {"timestamp":"2025-11-17T11:02:31.731Z"}
warn: POST /api/diet-plan-templates - 500 - column "dietitian_id" of relation "diet_plans" does not exist {"timestamp":"2025-11-17T11:02:50.136Z"}
error: GET /api/diet-plan-templates - 500 - column "dietitian_id" does not exist {"timestamp":"2025-11-17T11:02:51.701Z"}
error: GET /api/diet-plan-templates - 500 - column "dietitian_id" does not exist {"timestamp":"2025-11-17T11:02:51.719Z"}
warn: POST /api/diet-plan-templates - 500 - column "dietitian_id" of relation "diet_plans" does not exist {"timestamp":"2025-11-17T11:03:16.969Z"}
warn: POST /api/diet-plan-templates - 500 - column "dietitian_id" of relation "diet_plans" does not exist {"timestamp":"2025-11-17T11:03:32.569Z"}
warn: GET /api/diet-plans/6558b021-0061-4f53-bec8-f6a9559681e1/meals - 404 - Diyet planı bulunamadı {"timestamp":"2025-11-17T11:05:13.596Z"}
warn: GET /api/diet-plans/6558b021-0061-4f53-bec8-f6a9559681e1/meals - 404 - Diyet planı bulunamadı {"timestamp":"2025-11-17T11:05:13.602Z"}
warn: GET /api/diet-plans/6558b021-0061-4f53-bec8-f6a9559681e1/meals - 404 - Diyet planı bulunamadı {"timestamp":"2025-11-17T11:05:15.985Z"}
warn: GET /api/diet-plans/6558b021-0061-4f53-bec8-f6a9559681e1/meals - 404 - Diyet planı bulunamadı {"timestamp":"2025-11-17T11:05:15.995Z"}
warn: POST /api/diet-plans/6558b021-0061-4f53-bec8-f6a9559681e1/meals - 404 - Diyet planı bulunamadı {"timestamp":"2025-11-17T11:05:24.730Z"}
warn: POST /api/diet-plans/6558b021-0061-4f53-bec8-f6a9559681e1/meals - 404 - Diyet planı bulunamadı {"timestamp":"2025-11-17T11:05:33.211Z"}
warn: GET /api/diet-plans/6558b021-0061-4f53-bec8-f6a9559681e1/meals - 404 - Diyet planı bulunamadı {"timestamp":"2025-11-17T11:05:34.704Z"}
warn: GET /api/diet-plans/6558b021-0061-4f53-bec8-f6a9559681e1/meals - 404 - Diyet planı bulunamadı {"timestamp":"2025-11-17T11:05:34.712Z"}
warn: GET /api/diet-plans/6558b021-0061-4f53-bec8-f6a9559681e1/meals - 404 - Diyet planı bulunamadı {"timestamp":"2025-11-17T11:06:00.855Z"}
warn: GET /api/diet-plans/6558b021-0061-4f53-bec8-f6a9559681e1/meals - 404 - Diyet planı bulunamadı {"timestamp":"2025-11-17T11:06:00.880Z"}
warn: GET /api/diet-plans/6558b021-0061-4f53-bec8-f6a9559681e1/meals - 404 - Diyet planı bulunamadı {"timestamp":"2025-11-17T11:06:12.511Z"}
warn: GET /api/diet-plans/6558b021-0061-4f53-bec8-f6a9559681e1/meals - 404 - Diyet planı bulunamadı {"timestamp":"2025-11-17T11:06:12.523Z"}
warn: POST /api/diet-plan-templates/6558b021-0061-4f53-bec8-f6a9559681e1/assign/0ccef373-c251-4796-b0a7-36fe899a8446 - 500 - invalid input syntax for type json {"timestamp":"2025-11-17T11:09:35.268Z"}
warn: POST /api/diet-plan-templates/6558b021-0061-4f53-bec8-f6a9559681e1/assign/0ccef373-c251-4796-b0a7-36fe899a8446 - 500 - invalid input syntax for type json {"timestamp":"2025-11-17T11:09:42.215Z"}
warn: GET /api/auth/me - 401 - Oturum açılmamış {"timestamp":"2025-11-17T16:54:14.383Z"}
warn: GET /api/auth/me - 401 - Oturum açılmamış {"timestamp":"2025-11-17T16:54:14.390Z"}
warn: GET /api/auth/me - 401 - Oturum açılmamış {"timestamp":"2025-11-17T16:54:14.460Z"}
warn: GET /api/auth/me - 401 - Oturum açılmamış {"timestamp":"2025-11-17T16:54:14.461Z"}
warn: GET /api/auth/me - 401 - Oturum açılmamış {"timestamp":"2025-11-17T17:04:56.176Z"}
warn: GET /api/auth/me - 401 - Oturum açılmamış {"timestamp":"2025-11-17T17:04:56.181Z"}
warn: POST /api/diet-plans/templates - 500 - new row for relation "diet_plans" violates check constraint "diet_plans_client_id_template_check" {"timestamp":"2025-11-17T17:06:52.773Z"}
warn: POST /api/diet-plans/templates - 500 - new row for relation "diet_plans" violates check constraint "diet_plans_client_id_template_check" {"timestamp":"2025-11-17T17:06:53.745Z"}
warn: POST /api/diet-plans/templates - 500 - new row for relation "diet_plans" violates check constraint "diet_plans_client_id_template_check" {"timestamp":"2025-11-17T17:06:53.907Z"}
warn: POST /api/diet-plans/templates - 500 - new row for relation "diet_plans" violates check constraint "diet_plans_client_id_template_check" {"timestamp":"2025-11-17T17:06:54.059Z"}
warn: GET /api/diet-plans/57101d94-bbee-4949-85c0-482d206e37e4/meals - 404 - Diyet planı bulunamadı {"timestamp":"2025-11-17T17:11:20.876Z"}
warn: GET /api/diet-plans/57101d94-bbee-4949-85c0-482d206e37e4/meals - 404 - Diyet planı bulunamadı {"timestamp":"2025-11-17T17:11:20.880Z"}
warn: POST /api/diet-plans/57101d94-bbee-4949-85c0-482d206e37e4/meals - 404 - Diyet planı bulunamadı {"timestamp":"2025-11-17T17:11:58.018Z"}
warn: POST /api/diet-plans/57101d94-bbee-4949-85c0-482d206e37e4/meals - 404 - Diyet planı bulunamadı {"timestamp":"2025-11-17T17:11:59.391Z"}
warn: POST /api/diet-plans/57101d94-bbee-4949-85c0-482d206e37e4/meals - 404 - Diyet planı bulunamadı {"timestamp":"2025-11-17T17:11:59.706Z"}
error: GET /api/diet-plans/57101d94-bbee-4949-85c0-482d206e37e4/assigned-clients - 500 - column reference "id" is ambiguous {"timestamp":"2025-11-17T17:13:24.868Z"}
error: GET /api/diet-plans/57101d94-bbee-4949-85c0-482d206e37e4/assigned-clients - 500 - column reference "id" is ambiguous {"timestamp":"2025-11-17T17:13:24.876Z"}
warn: POST /api/diet-plans/57101d94-bbee-4949-85c0-482d206e37e4/assign - 500 - column reference "id" is ambiguous {"timestamp":"2025-11-17T17:13:31.171Z"}
warn: POST /api/diet-plans/57101d94-bbee-4949-85c0-482d206e37e4/assign - 500 - column reference "id" is ambiguous {"timestamp":"2025-11-17T17:13:37.888Z"}
warn: POST /api/diet-plans/57101d94-bbee-4949-85c0-482d206e37e4/assign - 500 - column reference "id" is ambiguous {"timestamp":"2025-11-17T17:13:38.470Z"}
warn: POST /api/diet-plans/57101d94-bbee-4949-85c0-482d206e37e4/assign - 500 - column reference "id" is ambiguous {"timestamp":"2025-11-17T17:13:38.602Z"}
warn: POST /api/diet-plans/57101d94-bbee-4949-85c0-482d206e37e4/assign - 500 - column reference "id" is ambiguous {"timestamp":"2025-11-17T17:13:38.872Z"}
warn: POST /api/diet-plans/57101d94-bbee-4949-85c0-482d206e37e4/assign - 500 - column reference "id" is ambiguous {"timestamp":"2025-11-17T17:13:39.033Z"}
warn: GET /api/auth/me - 404 - Kullanıcı bulunamadı {"timestamp":"2025-11-17T17:15:18.291Z"}
warn: GET /api/auth/me - 404 - Kullanıcı bulunamadı {"timestamp":"2025-11-17T17:15:18.298Z"}
warn: GET /api/auth/me - 404 - Kullanıcı bulunamadı {"timestamp":"2025-11-17T17:15:18.377Z"}
warn: GET /api/auth/me - 404 - Kullanıcı bulunamadı {"timestamp":"2025-11-17T17:15:18.380Z"}
warn: GET /api/auth/me - 404 - Kullanıcı bulunamadı {"timestamp":"2025-11-17T17:21:03.668Z"}
warn: GET /api/auth/me - 404 - Kullanıcı bulunamadı {"timestamp":"2025-11-17T17:21:03.687Z"}
warn: GET /api/auth/me - 404 - Kullanıcı bulunamadı {"timestamp":"2025-11-17T17:21:18.901Z"}
warn: GET /api/auth/me - 404 - Kullanıcı bulunamadı {"timestamp":"2025-11-17T17:21:18.907Z"}
error: POST /api/diet-templates - 500 - request entity too large {"timestamp":"2025-11-17T18:15:39.719Z"}
error: POST /api/diet-templates - 500 - request entity too large {"timestamp":"2025-11-17T18:15:41.775Z"}
error: POST /api/diet-templates - 500 - request entity too large {"timestamp":"2025-11-17T19:01:16.522Z"}
error: POST /api/diet-templates - 500 - request entity too large {"timestamp":"2025-11-17T19:01:17.854Z"}
error: POST /api/diet-templates - 500 - request entity too large {"timestamp":"2025-11-17T19:01:23.287Z"}
error: POST /api/diet-templates - 500 - request entity too large {"timestamp":"2025-11-17T19:01:23.973Z"}
error: POST /api/diet-templates - 500 - request entity too large {"timestamp":"2025-11-17T19:01:24.144Z"}
warn: GET /api/auth/me - 401 - Oturum açılmamış {"timestamp":"2025-11-18T07:05:31.475Z"}
warn: GET /api/auth/me - 401 - Oturum açılmamış {"timestamp":"2025-11-18T07:05:31.480Z"}
warn: GET /api/auth/me - 401 - Oturum açılmamış {"timestamp":"2025-11-18T07:05:31.549Z"}
warn: GET /api/auth/me - 401 - Oturum açılmamış {"timestamp":"2025-11-18T07:05:31.551Z"}
warn: GET /api/auth/me - 401 - Oturum açılmamış {"timestamp":"2025-11-18T07:05:33.281Z"}
warn: GET /api/auth/me - 401 - Oturum açılmamış {"timestamp":"2025-11-18T07:05:33.285Z"}
warn: GET /api/auth/me - 401 - Oturum açılmamış {"timestamp":"2025-11-18T07:06:03.306Z"}
warn: GET /api/auth/me - 401 - Oturum açılmamış {"timestamp":"2025-11-18T07:06:03.309Z"}
warn: GET /api/auth/me - 401 - Oturum açılmamış {"timestamp":"2025-11-18T17:12:34.263Z"}
warn: GET /api/auth/me - 401 - Oturum açılmamış {"timestamp":"2025-11-18T17:12:34.271Z"}
warn: GET /api/auth/me - 401 - Oturum açılmamış {"timestamp":"2025-11-18T17:12:34.329Z"}
warn: GET /api/auth/me - 401 - Oturum açılmamış {"timestamp":"2025-11-18T17:12:34.331Z"}
warn: GET /api/auth/me - 401 - Oturum açılmamış {"timestamp":"2025-11-18T19:11:52.907Z"}
warn: GET /api/auth/me - 401 - Oturum açılmamış {"timestamp":"2025-11-18T19:11:52.914Z"}
warn: GET /api/auth/me - 401 - Oturum açılmamış {"timestamp":"2025-11-18T19:12:05.384Z"}
warn: GET /api/auth/me - 401 - Oturum açılmamış {"timestamp":"2025-11-18T19:12:05.389Z"}
warn: GET /api/auth/me - 401 - Oturum açılmamış {"timestamp":"2025-11-18T19:12:06.367Z"}
warn: GET /api/auth/me - 401 - Oturum açılmamış {"timestamp":"2025-11-18T19:12:06.370Z"}
warn: GET /api/auth/me - 401 - Oturum açılmamış {"timestamp":"2025-11-18T19:12:19.639Z"}
warn: GET /api/auth/me - 401 - Oturum açılmamış {"timestamp":"2025-11-18T19:12:19.642Z"}
warn: GET /api/auth/me - 401 - Oturum açılmamış {"timestamp":"2025-11-18T19:12:19.839Z"}
warn: GET /api/auth/me - 401 - Oturum açılmamış {"timestamp":"2025-11-18T19:12:19.865Z"}
warn: GET /api/auth/me - 401 - Oturum açılmamış {"timestamp":"2025-11-18T19:21:35.722Z"}
warn: GET /api/auth/me - 401 - Oturum açılmamış {"timestamp":"2025-11-18T19:21:35.730Z"}
warn: GET /api/auth/me - 401 - Oturum açılmamış {"timestamp":"2025-11-18T19:21:35.803Z"}
warn: GET /api/auth/me - 401 - Oturum açılmamış {"timestamp":"2025-11-18T19:21:35.805Z"}
warn: GET /api/auth/me - 401 - Oturum açılmamış {"timestamp":"2025-11-19T09:36:09.743Z"}
warn: GET /api/auth/me - 401 - Oturum açılmamış {"timestamp":"2025-11-19T09:36:09.752Z"}
warn: GET /api/auth/me - 401 - Oturum açılmamış {"timestamp":"2025-11-19T09:36:09.833Z"}
warn: GET /api/auth/me - 401 - Oturum açılmamış {"timestamp":"2025-11-19T09:36:09.834Z"}
warn: POST /api/clients/c69b8d94-ce7d-4377-b666-854b39dfc05c/diet-plans - 500 - column "content" of relation "diet_plans" does not exist {"timestamp":"2025-11-19T11:06:56.497Z"}
warn: POST /api/clients/c69b8d94-ce7d-4377-b666-854b39dfc05c/diet-plans - 500 - column "content" of relation "diet_plans" does not exist {"timestamp":"2025-11-19T11:06:57.677Z"}
warn: GET /api/auth/me - 401 - Oturum açılmamış {"timestamp":"2025-11-20T15:07:23.294Z"}
warn: GET /api/auth/me - 401 - Oturum açılmamış {"timestamp":"2025-11-20T15:07:23.299Z"}
warn: GET /api/auth/me - 401 - Oturum açılmamış {"timestamp":"2025-11-20T15:07:23.382Z"}
warn: GET /api/auth/me - 401 - Oturum açılmamış {"timestamp":"2025-11-20T15:07:23.384Z"}
warn: GET /api/auth/me - 401 - Oturum açılmamış {"timestamp":"2025-11-20T18:21:20.518Z"}
warn: GET /api/auth/me - 401 - Oturum açılmamış {"timestamp":"2025-11-20T18:21:20.527Z"}
warn: GET /api/auth/me - 401 - Oturum açılmamış {"timestamp":"2025-11-20T18:21:20.591Z"}
warn: GET /api/auth/me - 401 - Oturum açılmamış {"timestamp":"2025-11-20T18:21:20.593Z"}
warn: GET /api/auth/me - 404 - Kullanıcı bulunamadı {"timestamp":"2025-11-20T19:44:27.636Z"}
warn: GET /api/auth/me - 404 - Kullanıcı bulunamadı {"timestamp":"2025-11-20T19:44:27.640Z"}
warn: GET /api/auth/me - 404 - Kullanıcı bulunamadı {"timestamp":"2025-11-20T19:44:27.703Z"}
warn: GET /api/auth/me - 404 - Kullanıcı bulunamadı {"timestamp":"2025-11-20T19:44:27.706Z"}
warn: GET /api/auth/me - 404 - Kullanıcı bulunamadı {"timestamp":"2025-11-20T19:44:29.813Z"}
warn: GET /api/auth/me - 404 - Kullanıcı bulunamadı {"timestamp":"2025-11-20T19:44:29.819Z"}
warn: GET /api/auth/me - 404 - Kullanıcı bulunamadı {"timestamp":"2025-11-20T19:44:41.191Z"}
warn: GET /api/auth/me - 404 - Kullanıcı bulunamadı {"timestamp":"2025-11-20T19:44:41.196Z"}
error: PUT /api/diet-plans/2a8fa2c7-40b7-45d0-9a90-0200be27bb27 - 500 - request entity too large {"timestamp":"2025-11-20T20:43:33.171Z"}
warn: PUT /api/diet-plans/2a8fa2c7-40b7-45d0-9a90-0200be27bb27 - 500 - column "pdf_url" of relation "diet_plans" does not exist {"timestamp":"2025-11-20T20:51:29.875Z"}
warn: GET /api/auth/me - 401 - Oturum açılmamış {"timestamp":"2025-11-20T21:10:12.961Z"}
warn: GET /api/auth/me - 401 - Oturum açılmamış {"timestamp":"2025-11-20T21:10:12.964Z"}
warn: GET /api/auth/me - 401 - Oturum açılmamış {"timestamp":"2025-11-20T21:10:13.019Z"}
warn: GET /api/auth/me - 401 - Oturum açılmamış {"timestamp":"2025-11-20T21:10:13.023Z"}
warn: GET /api/auth/me - 401 - Oturum açılmamış {"timestamp":"2025-11-20T21:39:29.579Z"}
warn: GET /api/auth/me - 401 - Oturum açılmamış {"timestamp":"2025-11-20T21:39:29.583Z"}
warn: GET /api/auth/me - 401 - Oturum açılmamış {"timestamp":"2025-11-20T21:39:29.645Z"}
warn: GET /api/auth/me - 401 - Oturum açılmamış {"timestamp":"2025-11-20T21:39:29.646Z"}
warn: GET /api/auth/me - 401 - Oturum açılmamış {"timestamp":"2025-11-20T21:39:33.649Z"}
warn: GET /api/auth/me - 401 - Oturum açılmamış {"timestamp":"2025-11-20T21:39:33.652Z"}
warn: GET /api/auth/me - 401 - Oturum açılmamış {"timestamp":"2025-11-20T21:39:33.768Z"}
warn: GET /api/auth/me - 401 - Oturum açılmamış {"timestamp":"2025-11-20T21:39:33.769Z"}
warn: GET /api/auth/me - 401 - Oturum açılmamış {"timestamp":"2025-11-20T21:39:33.956Z"}
warn: GET /api/auth/me - 401 - Oturum açılmamış {"timestamp":"2025-11-20T21:39:33.957Z"}
warn: GET /api/auth/me - 401 - Oturum açılmamış {"timestamp":"2025-11-20T21:39:34.102Z"}
warn: GET /api/auth/me - 401 - Oturum açılmamış {"timestamp":"2025-11-20T21:39:34.104Z"}
warn: GET /api/auth/me - 401 - Oturum açılmamış {"timestamp":"2025-11-21T10:30:51.454Z"}
warn: GET /api/auth/me - 401 - Oturum açılmamış {"timestamp":"2025-11-21T10:30:51.458Z"}
warn: GET /api/auth/me - 401 - Oturum açılmamış {"timestamp":"2025-11-21T10:30:51.531Z"}
warn: GET /api/auth/me - 401 - Oturum açılmamış {"timestamp":"2025-11-21T10:30:51.533Z"}
warn: GET /api/auth/me - 401 - Oturum açılmamış {"timestamp":"2025-11-21T10:30:55.091Z"}
warn: GET /api/auth/me - 401 - Oturum açılmamış {"timestamp":"2025-11-21T10:30:55.095Z"}
warn: GET /api/auth/me - 401 - Oturum açılmamış {"timestamp":"2025-11-21T10:30:55.149Z"}
warn: GET /api/auth/me - 401 - Oturum açılmamış {"timestamp":"2025-11-21T10:30:55.150Z"}
error: GET /api/activity-logs?page=1&limit=50&clientId=5 - 500 - invalid input syntax for type uuid: "5" {"timestamp":"2025-11-21T10:42:53.860Z"}
warn: GET /api/auth/me - 401 - Oturum açılmamış {"timestamp":"2025-11-21T13:04:51.791Z"}
warn: GET /api/auth/me - 401 - Oturum açılmamış {"timestamp":"2025-11-21T13:04:51.803Z"}
warn: GET /api/auth/me - 401 - Oturum açılmamış {"timestamp":"2025-11-21T13:12:46.330Z"}
warn: GET /api/auth/me - 401 - Oturum açılmamış {"timestamp":"2025-11-21T13:12:46.339Z"}
warn: GET /api/auth/me - 401 - Oturum açılmamış {"timestamp":"2025-11-21T13:13:00.016Z"}
warn: GET /api/auth/me - 401 - Oturum açılmamış {"timestamp":"2025-11-21T13:13:00.019Z"}
warn: GET /api/auth/me - 401 - Oturum açılmamış {"timestamp":"2025-11-21T13:13:00.078Z"}
warn: GET /api/auth/me - 401 - Oturum açılmamış {"timestamp":"2025-11-21T13:13:00.080Z"}
warn: GET /api/auth/me - 401 - Oturum açılmamış {"timestamp":"2025-11-21T13:13:10.324Z"}
warn: GET /api/auth/me - 401 - Oturum açılmamış {"timestamp":"2025-11-21T13:13:10.327Z"}
warn: POST /api/auth/login - 401 - Sifre yanlış! {"timestamp":"2025-11-21T13:13:15.029Z"}
warn: GET /api/auth/me - 401 - Oturum açılmamış {"timestamp":"2025-11-21T13:16:03.912Z"}
warn: GET /api/auth/me - 401 - Oturum açılmamış {"timestamp":"2025-11-21T13:16:03.915Z"}
warn: GET /api/auth/me - 401 - Oturum açılmamış {"timestamp":"2025-11-21T13:16:03.986Z"}
warn: GET /api/auth/me - 401 - Oturum açılmamış {"timestamp":"2025-11-21T13:16:03.988Z"}
warn: GET /api/auth/me - 401 - Oturum açılmamış {"timestamp":"2025-11-21T13:16:06.753Z"}
warn: GET /api/auth/me - 401 - Oturum açılmamış {"timestamp":"2025-11-21T13:16:06.761Z"}
warn: GET /api/auth/me - 401 - Oturum açılmamış {"timestamp":"2025-11-21T13:16:07.240Z"}
warn: GET /api/auth/me - 401 - Oturum açılmamış {"timestamp":"2025-11-21T13:16:07.241Z"}
warn: GET /api/auth/me - 401 - Oturum açılmamış {"timestamp":"2025-11-21T13:16:07.386Z"}
warn: GET /api/auth/me - 401 - Oturum açılmamış {"timestamp":"2025-11-21T13:16:07.387Z"}
warn: GET /api/auth/me - 403 - Oturum süresi dolmuş {"timestamp":"2025-11-21T19:30:41.729Z"}
warn: GET /api/auth/me - 403 - Oturum süresi dolmuş {"timestamp":"2025-11-21T19:30:41.735Z"}
warn: GET /api/auth/me - 403 - Oturum süresi dolmuş {"timestamp":"2025-11-21T19:30:41.820Z"}
warn: GET /api/auth/me - 403 - Oturum süresi dolmuş {"timestamp":"2025-11-21T19:30:41.824Z"}
warn: GET /api/auth/me - 403 - Oturum süresi dolmuş {"timestamp":"2025-11-21T19:30:43.532Z"}
warn: GET /api/auth/me - 403 - Oturum süresi dolmuş {"timestamp":"2025-11-21T19:30:43.536Z"}
warn: POST /api/auth/login - 401 - Sifre yanlış! {"timestamp":"2025-11-21T19:30:49.647Z"}
warn: GET /api/auth/me - 401 - Oturum açılmamış {"timestamp":"2025-11-21T20:12:02.417Z"}
warn: GET /api/auth/me - 401 - Oturum açılmamış {"timestamp":"2025-11-21T20:12:02.420Z"}
warn: GET /api/auth/me - 401 - Oturum açılmamış {"timestamp":"2025-11-21T20:12:02.483Z"}
warn: GET /api/auth/me - 401 - Oturum açılmamış {"timestamp":"2025-11-21T20:12:02.485Z"}
warn: POST /api/auth/login - 401 - Sifre yanlış! {"timestamp":"2025-11-21T20:12:07.743Z"}
warn: GET /api/auth/me - 401 - Oturum açılmamış {"timestamp":"2025-11-21T20:18:08.037Z"}
warn: GET /api/auth/me - 401 - Oturum açılmamış {"timestamp":"2025-11-21T20:18:08.043Z"}
warn: GET /api/auth/me - 401 - Oturum açılmamış {"timestamp":"2025-11-21T20:18:09.213Z"}
warn: GET /api/auth/me - 401 - Oturum açılmamış {"timestamp":"2025-11-21T20:18:09.215Z"}
warn: GET /api/auth/me - 401 - Oturum açılmamış {"timestamp":"2025-11-21T20:18:43.583Z"}
warn: GET /api/auth/me - 401 - Oturum açılmamış {"timestamp":"2025-11-21T20:18:43.595Z"}
warn: GET /api/auth/me - 401 - Oturum açılmamış {"timestamp":"2025-11-21T20:38:10.304Z"}
warn: GET /api/auth/me - 401 - Oturum açılmamış {"timestamp":"2025-11-21T20:38:10.310Z"}
warn: GET /api/auth/me - 401 - Oturum açılmamış {"timestamp":"2025-11-22T18:12:22.623Z"}
warn: GET /api/auth/me - 401 - Oturum açılmamış {"timestamp":"2025-11-22T18:12:22.628Z"}
warn: GET /api/auth/me - 401 - Oturum açılmamış {"timestamp":"2025-11-22T18:12:22.695Z"}
warn: GET /api/auth/me - 401 - Oturum açılmamış {"timestamp":"2025-11-22T18:12:22.697Z"}
warn: POST /api/auth/login - 401 - Sifre yanlış! {"timestamp":"2025-11-22T18:12:28.842Z"}
warn: POST /api/auth/login - 401 - Sifre yanlış! {"timestamp":"2025-11-22T18:12:32.670Z"}
warn: GET /api/auth/me - 401 - Oturum açılmamış {"timestamp":"2025-11-22T18:26:32.130Z"}
warn: GET /api/auth/me - 401 - Oturum açılmamış {"timestamp":"2025-11-22T18:26:32.133Z"}
warn: GET /api/auth/me - 401 - Oturum açılmamış {"timestamp":"2025-11-22T18:26:39.237Z"}
warn: GET /api/auth/me - 401 - Oturum açılmamış {"timestamp":"2025-11-22T18:26:39.238Z"}
warn: GET /api/auth/me - 401 - Oturum açılmamış {"timestamp":"2025-11-22T18:26:39.312Z"}
warn: GET /api/auth/me - 401 - Oturum açılmamış {"timestamp":"2025-11-22T18:26:39.313Z"}
warn: GET /api/auth/me - 401 - Oturum açılmamış {"timestamp":"2025-11-22T18:26:40.759Z"}
warn: GET /api/auth/me - 401 - Oturum açılmamış {"timestamp":"2025-11-22T18:26:40.760Z"}
warn: GET /api/auth/me - 401 - Oturum açılmamış {"timestamp":"2025-11-22T18:26:56.670Z"}
warn: GET /api/auth/me - 401 - Oturum açılmamış {"timestamp":"2025-11-22T18:26:56.673Z"}
warn: POST /api/auth/login - 401 - Sifre yanlış! {"timestamp":"2025-11-22T18:30:48.260Z"}
warn: GET /api/auth/me - 401 - Oturum açılmamış {"timestamp":"2025-11-22T18:34:58.574Z"}
warn: GET /api/auth/me - 401 - Oturum açılmamış {"timestamp":"2025-11-22T18:34:58.579Z"}
warn: GET /api/auth/me - 401 - Oturum açılmamış {"timestamp":"2025-11-22T18:34:58.648Z"}
warn: GET /api/auth/me - 401 - Oturum açılmamış {"timestamp":"2025-11-22T18:34:58.649Z"}
warn: GET /api/auth/me - 401 - Oturum açılmamış {"timestamp":"2025-11-22T18:48:18.709Z"}
warn: GET /api/auth/me - 401 - Oturum açılmamış {"timestamp":"2025-11-22T18:48:18.719Z"}
warn: GET /api/auth/me - 401 - Oturum açılmamış {"timestamp":"2025-11-22T18:48:19.222Z"}
warn: GET /api/auth/me - 401 - Oturum açılmamış {"timestamp":"2025-11-22T18:49:10.266Z"}
warn: GET /api/auth/me - 401 - Oturum açılmamış {"timestamp":"2025-11-22T18:49:12.677Z"}
warn: GET /api/auth/me - 401 - Oturum açılmamış {"timestamp":"2025-11-22T18:49:12.687Z"}
warn: GET /api/auth/me - 401 - Oturum açılmamış {"timestamp":"2025-11-22T18:49:16.745Z"}
warn: GET /api/auth/me - 401 - Oturum açılmamış {"timestamp":"2025-11-22T18:49:16.805Z"}
warn: GET /api/auth/me - 401 - Oturum açılmamış {"timestamp":"2025-11-22T18:50:48.181Z"}
warn: GET /api/auth/me - 401 - Oturum açılmamış {"timestamp":"2025-11-22T18:51:05.551Z"}
warn: GET /api/auth/me - 401 - Oturum açılmamış {"timestamp":"2025-11-22T18:51:19.176Z"}
warn: GET /api/auth/me - 401 - Oturum açılmamış {"timestamp":"2025-11-22T18:51:20.863Z"}
warn: GET /api/auth/me - 401 - Oturum açılmamış {"timestamp":"2025-11-22T18:51:20.865Z"}
warn: GET /api/auth/me - 401 - Oturum açılmamış {"timestamp":"2025-11-22T18:52:08.578Z"}
warn: GET /api/auth/me - 401 - Oturum açılmamış {"timestamp":"2025-11-22T18:52:08.581Z"}
warn: GET /api/auth/me - 401 - Oturum açılmamış {"timestamp":"2025-11-22T18:52:09.047Z"}
warn: GET /api/auth/me - 401 - Oturum açılmamış {"timestamp":"2025-11-22T18:52:09.049Z"}
warn: GET /api/auth/me - 401 - Oturum açılmamış {"timestamp":"2025-11-22T18:52:09.215Z"}
warn: GET /api/auth/me - 401 - Oturum açılmamış {"timestamp":"2025-11-22T18:52:09.218Z"}
warn: GET /api/auth/me - 401 - Oturum açılmamış {"timestamp":"2025-11-22T18:52:09.380Z"}
warn: GET /api/auth/me - 401 - Oturum açılmamış {"timestamp":"2025-11-22T18:52:09.382Z"}
warn: GET /api/auth/me - 401 - Oturum açılmamış {"timestamp":"2025-11-22T18:52:16.717Z"}
warn: GET /api/auth/me - 401 - Oturum açılmamış {"timestamp":"2025-11-22T18:52:16.722Z"}
warn: GET /api/auth/me - 401 - Oturum açılmamış {"timestamp":"2025-11-22T18:52:17.241Z"}
warn: GET /api/auth/me - 401 - Oturum açılmamış {"timestamp":"2025-11-22T18:52:17.246Z"}
warn: GET /api/auth/me - 401 - Oturum açılmamış {"timestamp":"2025-11-22T18:52:17.359Z"}
warn: GET /api/auth/me - 401 - Oturum açılmamış {"timestamp":"2025-11-22T18:52:17.361Z"}
warn: GET /api/auth/me - 401 - Oturum açılmamış {"timestamp":"2025-11-22T18:52:17.517Z"}
warn: GET /api/auth/me - 401 - Oturum açılmamış {"timestamp":"2025-11-22T18:52:17.519Z"}
warn: GET /api/auth/me - 401 - Oturum açılmamış {"timestamp":"2025-11-22T18:52:17.687Z"}
warn: GET /api/auth/me - 401 - Oturum açılmamış {"timestamp":"2025-11-22T18:52:17.689Z"}
warn: GET /api/auth/me - 401 - Oturum açılmamış {"timestamp":"2025-11-22T18:52:17.855Z"}
warn: GET /api/auth/me - 401 - Oturum açılmamış {"timestamp":"2025-11-22T18:52:17.857Z"}
warn: GET /api/auth/me - 401 - Oturum açılmamış {"timestamp":"2025-11-22T18:52:24.666Z"}
warn: GET /api/auth/me - 401 - Oturum açılmamış {"timestamp":"2025-11-22T18:52:24.669Z"}
warn: GET /api/auth/me - 401 - Oturum açılmamış {"timestamp":"2025-11-22T18:52:31.656Z"}
warn: GET /api/auth/me - 401 - Oturum açılmamış {"timestamp":"2025-11-22T18:52:33.374Z"}
warn: GET /api/auth/me - 401 - Oturum açılmamış {"timestamp":"2025-11-22T18:52:33.386Z"}
warn: GET /api/auth/me - 401 - Oturum açılmamış {"timestamp":"2025-11-22T18:52:40.379Z"}
warn: GET /api/auth/me - 401 - Oturum açılmamış {"timestamp":"2025-11-22T18:52:40.385Z"}
warn: GET /api/auth/me - 401 - Oturum açılmamış {"timestamp":"2025-11-22T18:52:42.242Z"}
warn: GET /api/auth/me - 401 - Oturum açılmamış {"timestamp":"2025-11-22T18:52:42.278Z"}
warn: GET /api/auth/me - 401 - Oturum açılmamış {"timestamp":"2025-11-22T18:52:57.380Z"}
warn: GET /api/auth/me - 401 - Oturum açılmamış {"timestamp":"2025-11-22T18:52:57.384Z"}
warn: GET /api/auth/me - 401 - Oturum açılmamış {"timestamp":"2025-11-22T18:53:23.855Z"}
warn: GET /api/auth/me - 401 - Oturum açılmamış {"timestamp":"2025-11-22T18:53:44.058Z"}
warn: GET /api/auth/me - 401 - Oturum açılmamış {"timestamp":"2025-11-22T18:53:46.103Z"}
warn: GET /api/auth/me - 401 - Oturum açılmamış {"timestamp":"2025-11-22T18:53:50.343Z"}
warn: GET /api/auth/me - 401 - Oturum açılmamış {"timestamp":"2025-11-22T18:53:50.347Z"}
warn: GET /api/auth/me - 401 - Oturum açılmamış {"timestamp":"2025-11-22T18:53:56.722Z"}
warn: GET /api/auth/me - 401 - Oturum açılmamış {"timestamp":"2025-11-22T18:53:56.726Z"}
warn: GET /api/auth/me - 401 - Oturum açılmamış {"timestamp":"2025-11-22T18:54:15.973Z"}
warn: GET /api/auth/me - 401 - Oturum açılmamış {"timestamp":"2025-11-22T18:54:15.977Z"}
warn: GET /api/auth/me - 401 - Oturum açılmamış {"timestamp":"2025-11-22T18:54:20.283Z"}
warn: GET /api/auth/me - 401 - Oturum açılmamış {"timestamp":"2025-11-22T18:54:27.036Z"}
warn: GET /api/auth/me - 401 - Oturum açılmamış {"timestamp":"2025-11-22T18:54:27.038Z"}
warn: GET /api/auth/me - 401 - Oturum açılmamış {"timestamp":"2025-11-22T18:54:29.367Z"}
warn: GET /api/auth/me - 401 - Oturum açılmamış {"timestamp":"2025-11-22T18:54:29.399Z"}
warn: GET /api/auth/me - 401 - Oturum açılmamış {"timestamp":"2025-11-22T18:54:42.352Z"}
warn: GET /api/auth/me - 401 - Oturum açılmamış {"timestamp":"2025-11-22T18:54:58.718Z"}
warn: GET /api/auth/me - 401 - Oturum açılmamış {"timestamp":"2025-11-22T18:54:58.722Z"}
warn: GET /api/auth/me - 401 - Oturum açılmamış {"timestamp":"2025-11-22T18:55:03.763Z"}
warn: GET /api/auth/me - 401 - Oturum açılmamış {"timestamp":"2025-11-22T18:55:03.768Z"}
warn: GET /api/auth/me - 401 - Oturum açılmamış {"timestamp":"2025-11-22T18:55:03.861Z"}
warn: GET /api/auth/me - 401 - Oturum açılmamış {"timestamp":"2025-11-22T18:55:03.863Z"}
warn: GET /api/auth/me - 401 - Oturum açılmamış {"timestamp":"2025-11-22T18:56:19.212Z"}
warn: GET /api/auth/me - 401 - Oturum açılmamış {"timestamp":"2025-11-22T18:56:19.214Z"}
warn: GET /api/auth/me - 401 - Oturum açılmamış {"timestamp":"2025-11-22T18:56:19.282Z"}
warn: GET /api/auth/me - 401 - Oturum açılmamış {"timestamp":"2025-11-22T18:56:19.283Z"}
warn: GET /api/auth/me - 401 - Oturum açılmamış {"timestamp":"2025-11-23T08:26:24.834Z"}
warn: GET /api/auth/me - 401 - Oturum açılmamış {"timestamp":"2025-11-23T08:26:24.843Z"}
warn: GET /api/auth/me - 401 - Oturum açılmamış {"timestamp":"2025-11-23T08:26:24.925Z"}
warn: GET /api/auth/me - 401 - Oturum açılmamış {"timestamp":"2025-11-23T08:26:24.927Z"}
warn: POST /api/auth/login - 401 - Sifre yanlış! {"timestamp":"2025-11-23T08:26:28.691Z"}
info: ✅ Environment variables validated {"timestamp":"2025-11-23T08:30:47.347Z"}
info: ✅ Environment variables validated {"timestamp":"2025-11-23T08:30:58.476Z"}
info: 🚀 Server is running on port 1234 {"timestamp":"2025-11-23T08:30:58.479Z"}
info: 📊 Environment: development {"timestamp":"2025-11-23T08:30:58.479Z"}
info: ✅ Environment variables validated {"timestamp":"2025-11-23T08:31:07.098Z"}
info: 🚀 Server is running on port 1234 {"timestamp":"2025-11-23T08:31:07.101Z"}
info: 📊 Environment: development {"timestamp":"2025-11-23T08:31:07.101Z"}
info: ✅ Environment variables validated {"timestamp":"2025-11-23T08:31:16.545Z"}
info: 🚀 Server is running on port 1234 {"timestamp":"2025-11-23T08:31:16.548Z"}
info: 📊 Environment: development {"timestamp":"2025-11-23T08:31:16.548Z"}
info: ✅ Database connected successfully {"timestamp":"2025-11-23T08:31:16.568Z"}
info: ✅ Environment variables validated {"timestamp":"2025-11-23T08:31:21.382Z"}
info: 🚀 Server is running on port 1234 {"timestamp":"2025-11-23T08:31:21.385Z"}
info: 📊 Environment: development {"timestamp":"2025-11-23T08:31:21.385Z"}
info: ✅ Database connected successfully {"timestamp":"2025-11-23T08:31:21.400Z"}
info: ✅ Environment variables validated {"timestamp":"2025-11-23T08:31:25.149Z"}
info: 🚀 Server is running on port 1234 {"timestamp":"2025-11-23T08:31:25.153Z"}
info: 📊 Environment: development {"timestamp":"2025-11-23T08:31:25.153Z"}
info: ✅ Database connected successfully {"timestamp":"2025-11-23T08:31:25.170Z"}
info: ✅ Environment variables validated {"timestamp":"2025-11-23T08:31:33.712Z"}
info: 🚀 Server is running on port 1234 {"timestamp":"2025-11-23T08:31:33.717Z"}
info: 📊 Environment: development {"timestamp":"2025-11-23T08:31:33.717Z"}
info: ✅ Database connected successfully {"timestamp":"2025-11-23T08:31:33.731Z"}
info: ✅ Environment variables validated {"timestamp":"2025-11-23T08:31:36.958Z"}
info: 🚀 Server is running on port 1234 {"timestamp":"2025-11-23T08:31:36.962Z"}
info: 📊 Environment: development {"timestamp":"2025-11-23T08:31:36.962Z"}
info: ✅ Database connected successfully {"timestamp":"2025-11-23T08:31:36.975Z"}
info: ✅ Environment variables validated {"timestamp":"2025-11-23T08:31:38.796Z"}
info: 🚀 Server is running on port 1234 {"timestamp":"2025-11-23T08:31:38.799Z"}
info: 📊 Environment: development {"timestamp":"2025-11-23T08:31:38.799Z"}
info: ✅ Database connected successfully {"timestamp":"2025-11-23T08:31:38.814Z"}
info: ✅ Environment variables validated {"timestamp":"2025-11-23T08:31:47.776Z"}
info: 🚀 Server is running on port 1234 {"timestamp":"2025-11-23T08:31:47.779Z"}
info: 📊 Environment: development {"timestamp":"2025-11-23T08:31:47.780Z"}
info: ✅ Database connected successfully {"timestamp":"2025-11-23T08:31:47.798Z"}
info: ✅ Environment variables validated {"timestamp":"2025-11-23T08:35:04.233Z"}
info: 🚀 Server is running on port 1234 {"timestamp":"2025-11-23T08:35:04.238Z"}
info: 📊 Environment: development {"timestamp":"2025-11-23T08:35:04.238Z"}
info: ✅ Database connected successfully {"timestamp":"2025-11-23T08:35:04.258Z"}
info: ✅ Environment variables validated {"timestamp":"2025-11-23T08:39:45.589Z"}
info: 🚀 Server is running on port 1234 {"timestamp":"2025-11-23T08:39:45.607Z"}
info: 📊 Environment: development {"timestamp":"2025-11-23T08:39:45.607Z"}
info: ✅ Database connected successfully {"timestamp":"2025-11-23T08:39:45.637Z"}
info: ✅ Environment variables validated {"timestamp":"2025-11-23T08:39:46.503Z"}
info: 🚀 Server is running on port 1234 {"timestamp":"2025-11-23T08:39:46.506Z"}
info: 📊 Environment: development {"timestamp":"2025-11-23T08:39:46.506Z"}
info: ✅ Database connected successfully {"timestamp":"2025-11-23T08:39:46.520Z"}
info: ✅ Environment variables validated {"timestamp":"2025-11-23T08:39:47.621Z"}
info: 🚀 Server is running on port 1234 {"timestamp":"2025-11-23T08:39:47.624Z"}
info: 📊 Environment: development {"timestamp":"2025-11-23T08:39:47.624Z"}
info: ✅ Database connected successfully {"timestamp":"2025-11-23T08:39:47.642Z"}
info: ✅ Environment variables validated {"timestamp":"2025-11-23T08:39:48.393Z"}
info: 🚀 Server is running on port 1234 {"timestamp":"2025-11-23T08:39:48.397Z"}
info: 📊 Environment: development {"timestamp":"2025-11-23T08:39:48.397Z"}
info: ✅ Database connected successfully {"timestamp":"2025-11-23T08:39:48.414Z"}
info: ✅ Environment variables validated {"timestamp":"2025-11-23T08:40:19.588Z"}
info: 🚀 Server is running on port 1234 {"timestamp":"2025-11-23T08:40:19.591Z"}
info: 📊 Environment: development {"timestamp":"2025-11-23T08:40:19.591Z"}
info: ✅ Database connected successfully {"timestamp":"2025-11-23T08:40:19.611Z"}
info: ✅ Environment variables validated {"timestamp":"2025-11-23T08:41:23.569Z"}
info: 🚀 Server is running on port 1234 {"timestamp":"2025-11-23T08:41:23.574Z"}
info: 📊 Environment: development {"timestamp":"2025-11-23T08:41:23.574Z"}
info: ✅ Database connected successfully {"timestamp":"2025-11-23T08:41:23.594Z"}
info: ✅ Environment variables validated {"timestamp":"2025-11-23T08:47:46.883Z"}
info: 🚀 Server is running on port 1234 {"timestamp":"2025-11-23T08:47:46.895Z"}
info: 📊 Environment: development {"timestamp":"2025-11-23T08:47:46.895Z"}
info: ✅ Database connected successfully {"timestamp":"2025-11-23T08:47:46.925Z"}
info: ✅ Environment variables validated {"timestamp":"2025-11-23T08:47:50.558Z"}
info: 🚀 Server is running on port 1234 {"timestamp":"2025-11-23T08:47:50.561Z"}
info: 📊 Environment: development {"timestamp":"2025-11-23T08:47:50.561Z"}
info: ✅ Database connected successfully {"timestamp":"2025-11-23T08:47:50.579Z"}
info: ✅ Environment variables validated {"timestamp":"2025-11-23T08:48:07.480Z"}
info: 🚀 Server is running on port 1234 {"timestamp":"2025-11-23T08:48:07.484Z"}
info: 📊 Environment: development {"timestamp":"2025-11-23T08:48:07.484Z"}
info: ✅ Database connected successfully {"timestamp":"2025-11-23T08:48:07.503Z"}
info: ✅ Environment variables validated {"timestamp":"2025-11-23T08:48:22.880Z"}
info: 🚀 Server is running on port 1234 {"timestamp":"2025-11-23T08:48:22.883Z"}
info: 📊 Environment: development {"timestamp":"2025-11-23T08:48:22.883Z"}
info: ✅ Database connected successfully {"timestamp":"2025-11-23T08:48:22.904Z"}
info: ✅ Environment variables validated {"timestamp":"2025-11-23T08:48:30.571Z"}
info: 🚀 Server is running on port 1234 {"timestamp":"2025-11-23T08:48:30.575Z"}
info: 📊 Environment: development {"timestamp":"2025-11-23T08:48:30.575Z"}
info: ✅ Database connected successfully {"timestamp":"2025-11-23T08:48:30.591Z"}
info: ✅ Environment variables validated {"timestamp":"2025-11-23T08:49:20.580Z"}
info: 🚀 Server is running on port 1234 {"timestamp":"2025-11-23T08:49:20.583Z"}
info: 📊 Environment: development {"timestamp":"2025-11-23T08:49:20.584Z"}
info: ✅ Database connected successfully {"timestamp":"2025-11-23T08:49:20.601Z"}
info: ✅ Environment variables validated {"timestamp":"2025-11-23T08:50:34.131Z"}
info: 🚀 Server is running on port 1234 {"timestamp":"2025-11-23T08:50:34.134Z"}
info: 📊 Environment: development {"timestamp":"2025-11-23T08:50:34.134Z"}
info: ✅ Database connected successfully {"timestamp":"2025-11-23T08:50:34.160Z"}
info: ✅ Environment variables validated {"timestamp":"2025-11-23T08:50:43.535Z"}
info: 🚀 Server is running on port 1234 {"timestamp":"2025-11-23T08:50:43.538Z"}
info: 📊 Environment: development {"timestamp":"2025-11-23T08:50:43.539Z"}
info: ✅ Database connected successfully {"timestamp":"2025-11-23T08:50:43.553Z"}
info: ✅ Environment variables validated {"timestamp":"2025-11-23T08:51:08.928Z"}
info: 🚀 Server is running on port 1234 {"timestamp":"2025-11-23T08:51:08.931Z"}
info: 📊 Environment: development {"timestamp":"2025-11-23T08:51:08.931Z"}
info: ✅ Database connected successfully {"timestamp":"2025-11-23T08:51:08.952Z"}
info: SIGINT received. Starting graceful shutdown... {"timestamp":"2025-11-23T08:52:23.464Z"}
info: ✅ Environment variables validated {"timestamp":"2025-11-23T08:52:32.746Z"}
info: 🚀 Server is running on port 1234 {"timestamp":"2025-11-23T08:52:32.750Z"}
info: 📊 Environment: development {"timestamp":"2025-11-23T08:52:32.750Z"}
info: ✅ Database connected successfully {"timestamp":"2025-11-23T08:52:32.768Z"}
info: ✅ Environment variables validated {"timestamp":"2025-11-23T08:56:23.492Z"}
info: 🚀 Server is running on port 1234 {"timestamp":"2025-11-23T08:56:23.503Z"}
info: 📊 Environment: development {"timestamp":"2025-11-23T08:56:23.504Z"}
info: ✅ Database connected successfully {"timestamp":"2025-11-23T08:56:23.525Z"}
info: ✅ Environment variables validated {"timestamp":"2025-11-23T08:57:57.940Z"}
info: 🚀 Server is running on port 1234 {"timestamp":"2025-11-23T08:57:57.951Z"}
info: 📊 Environment: development {"timestamp":"2025-11-23T08:57:57.952Z"}
info: ✅ Database connected successfully {"timestamp":"2025-11-23T08:57:57.984Z"}
info: SIGINT received. Starting graceful shutdown... {"timestamp":"2025-11-23T09:00:18.157Z"}
