error: POST /api/auth/register - 500 - relation "users" does not exist {"timestamp":"2025-11-13T18:23:32.746Z"}
error: POST /api/auth/register - 500 - relation "users" does not exist {"timestamp":"2025-11-13T18:26:01.556Z"}
error: POST /api/auth/register - 500 - relation "users" does not exist {"timestamp":"2025-11-13T18:40:35.338Z"}
error: POST /api/auth/register - 500 - relation "users" does not exist {"timestamp":"2025-11-13T18:41:54.257Z"}
error: POST /api/auth/register - 500 - relation "users" does not exist {"timestamp":"2025-11-13T18:43:06.791Z"}
error: POST /api/auth/login - 500 - relation "users" does not exist {"timestamp":"2025-11-13T20:29:30.426Z"}
error: POST /api/auth/login - 500 - relation "users" does not exist {"timestamp":"2025-11-13T20:30:54.026Z"}
error: POST /api/auth/login - 500 - relation "users" does not exist {"timestamp":"2025-11-13T20:39:45.025Z"}
error: POST /api/auth/login - 500 - relation "users" does not exist {"timestamp":"2025-11-13T20:41:12.897Z"}
error: POST /api/auth/login - 500 - relation "users" does not exist {"timestamp":"2025-11-13T20:41:29.592Z"}
error: POST /api/auth/login - 500 - relation "users" does not exist {"timestamp":"2025-11-13T20:42:33.650Z"}
error: POST /api/auth/login - 500 - relation "users" does not exist {"timestamp":"2025-11-13T20:44:46.339Z"}
error: POST /api/auth/login - 500 - relation "users" does not exist {"timestamp":"2025-11-13T20:46:24.820Z"}
error: POST /api/auth/login - 500 - relation "users" does not exist {"timestamp":"2025-11-13T20:46:33.382Z"}
error: POST /api/auth/login - 500 - relation "users" does not exist {"timestamp":"2025-11-13T20:46:57.058Z"}
error: GET /api/invitations - 500 - relation "packages" does not exist {"timestamp":"2025-11-14T18:46:46.694Z"}
error: GET /api/invitations - 500 - relation "packages" does not exist {"timestamp":"2025-11-14T18:46:46.696Z"}
error: GET /api/invitations - 500 - relation "packages" does not exist {"timestamp":"2025-11-14T18:46:49.357Z"}
error: GET /api/invitations - 500 - relation "packages" does not exist {"timestamp":"2025-11-14T18:46:49.371Z"}
error: GET /api/invitations - 500 - relation "packages" does not exist {"timestamp":"2025-11-14T18:46:49.530Z"}
error: GET /api/invitations - 500 - relation "packages" does not exist {"timestamp":"2025-11-14T18:46:49.544Z"}
error: GET /api/invitations - 500 - relation "packages" does not exist {"timestamp":"2025-11-14T18:46:49.688Z"}
error: GET /api/invitations - 500 - relation "packages" does not exist {"timestamp":"2025-11-14T18:46:49.697Z"}
error: GET /api/invitations - 500 - relation "packages" does not exist {"timestamp":"2025-11-14T18:46:53.826Z"}
error: GET /api/invitations - 500 - relation "packages" does not exist {"timestamp":"2025-11-14T18:46:53.830Z"}
error: GET /api/invitations - 500 - relation "packages" does not exist {"timestamp":"2025-11-14T18:46:58.796Z"}
error: GET /api/invitations - 500 - relation "packages" does not exist {"timestamp":"2025-11-14T18:46:58.820Z"}
error: POST /api/invitations/send - 500 - Unexpected socket close {"timestamp":"2025-11-14T18:51:30.632Z"}
error: POST /api/invitations/accept - 500 - duplicate key value violates unique constraint "users_phone_key" {"timestamp":"2025-11-14T18:59:40.579Z"}
error: GET /api/coaching/statistics? - 500 - invalid input syntax for type uuid: "statistics" {"timestamp":"2025-11-15T11:33:35.986Z"}
error: GET /api/coaching/progress? - 500 - invalid input syntax for type uuid: "progress" {"timestamp":"2025-11-15T11:33:35.989Z"}
error: GET /api/coaching/statistics? - 500 - invalid input syntax for type uuid: "statistics" {"timestamp":"2025-11-15T11:33:36.018Z"}
error: GET /api/coaching/progress? - 500 - invalid input syntax for type uuid: "progress" {"timestamp":"2025-11-15T11:33:36.020Z"}
error: GET /api/coaching/statistics? - 500 - invalid input syntax for type uuid: "statistics" {"timestamp":"2025-11-15T11:33:42.307Z"}
error: GET /api/coaching/progress? - 500 - invalid input syntax for type uuid: "progress" {"timestamp":"2025-11-15T11:33:42.309Z"}
error: GET /api/coaching/progress? - 500 - invalid input syntax for type uuid: "progress" {"timestamp":"2025-11-15T11:33:42.334Z"}
error: GET /api/coaching/statistics? - 500 - invalid input syntax for type uuid: "statistics" {"timestamp":"2025-11-15T11:33:42.335Z"}
error: GET /api/coaching/progress? - 500 - invalid input syntax for type uuid: "progress" {"timestamp":"2025-11-15T11:33:47.027Z"}
error: GET /api/coaching/statistics?start_date=2025-11-14 - 500 - invalid input syntax for type uuid: "statistics" {"timestamp":"2025-11-15T11:33:47.029Z"}
error: GET /api/coaching/progress? - 500 - invalid input syntax for type uuid: "progress" {"timestamp":"2025-11-15T11:33:48.805Z"}
error: GET /api/coaching/statistics?start_date=2025-11-14&end_date=2025-11-16 - 500 - invalid input syntax for type uuid: "statistics" {"timestamp":"2025-11-15T11:33:48.807Z"}
error: GET /api/coaching/statistics?start_date=2025-11-14&end_date=2025-11-16 - 500 - invalid input syntax for type uuid: "statistics" {"timestamp":"2025-11-15T11:33:51.417Z"}
error: GET /api/coaching/statistics? - 500 - invalid input syntax for type uuid: "statistics" {"timestamp":"2025-11-15T11:33:52.060Z"}
error: GET /api/coaching/progress? - 500 - invalid input syntax for type uuid: "progress" {"timestamp":"2025-11-15T11:33:52.062Z"}
error: GET /api/coaching/statistics? - 500 - invalid input syntax for type uuid: "statistics" {"timestamp":"2025-11-15T11:34:25.821Z"}
error: GET /api/coaching/progress? - 500 - invalid input syntax for type uuid: "progress" {"timestamp":"2025-11-15T11:34:25.826Z"}
error: GET /api/coaching/statistics? - 500 - invalid input syntax for type uuid: "statistics" {"timestamp":"2025-11-15T11:34:25.835Z"}
error: GET /api/coaching/progress? - 500 - invalid input syntax for type uuid: "progress" {"timestamp":"2025-11-15T11:34:25.846Z"}
error: GET /api/coaching/statistics? - 500 - invalid input syntax for type uuid: "statistics" {"timestamp":"2025-11-15T11:34:29.818Z"}
error: GET /api/coaching/statistics? - 500 - invalid input syntax for type uuid: "statistics" {"timestamp":"2025-11-15T11:35:54.310Z"}
error: GET /api/coaching/progress? - 500 - invalid input syntax for type uuid: "progress" {"timestamp":"2025-11-15T11:35:54.314Z"}
error: GET /api/coaching/statistics? - 500 - invalid input syntax for type uuid: "statistics" {"timestamp":"2025-11-15T11:35:54.337Z"}
error: GET /api/coaching/progress? - 500 - invalid input syntax for type uuid: "progress" {"timestamp":"2025-11-15T11:35:54.339Z"}
error: GET /api/coaching/statistics?start_date=2025-11-08 - 500 - invalid input syntax for type uuid: "statistics" {"timestamp":"2025-11-15T11:35:58.566Z"}
error: GET /api/coaching/progress? - 500 - invalid input syntax for type uuid: "progress" {"timestamp":"2025-11-15T11:35:58.585Z"}
error: GET /api/coaching/statistics?start_date=2025-11-08&end_date=2025-11-20 - 500 - invalid input syntax for type uuid: "statistics" {"timestamp":"2025-11-15T11:36:00.712Z"}
error: GET /api/coaching/progress? - 500 - invalid input syntax for type uuid: "progress" {"timestamp":"2025-11-15T11:36:00.733Z"}
error: GET /api/coaching/statistics?start_date=2025-11-08&end_date=2025-11-20 - 500 - invalid input syntax for type uuid: "statistics" {"timestamp":"2025-11-15T11:36:02.212Z"}
error: GET /api/coaching/statistics?start_date=2025-11-08&end_date=2025-11-20 - 500 - invalid input syntax for type uuid: "statistics" {"timestamp":"2025-11-15T11:36:02.636Z"}
error: GET /api/coaching/statistics?start_date=2025-11-08&end_date=2025-11-20 - 500 - invalid input syntax for type uuid: "statistics" {"timestamp":"2025-11-15T11:36:02.795Z"}
error: GET /api/coaching/statistics?start_date=2025-11-08&end_date=2025-11-20 - 500 - invalid input syntax for type uuid: "statistics" {"timestamp":"2025-11-15T11:36:02.979Z"}
error: GET /api/coaching/statistics?start_date=2025-11-08&end_date=2025-11-20 - 500 - invalid input syntax for type uuid: "statistics" {"timestamp":"2025-11-15T11:36:03.158Z"}
error: GET /api/coaching/statistics?start_date=2025-11-08&end_date=2025-11-20 - 500 - invalid input syntax for type uuid: "statistics" {"timestamp":"2025-11-15T11:36:03.306Z"}
error: GET /api/coaching/statistics? - 500 - invalid input syntax for type uuid: "statistics" {"timestamp":"2025-11-15T11:41:03.015Z"}
error: GET /api/coaching/progress? - 500 - invalid input syntax for type uuid: "progress" {"timestamp":"2025-11-15T11:41:03.018Z"}
error: GET /api/coaching/progress? - 500 - invalid input syntax for type uuid: "progress" {"timestamp":"2025-11-15T11:41:03.043Z"}
error: GET /api/coaching/statistics? - 500 - invalid input syntax for type uuid: "statistics" {"timestamp":"2025-11-15T11:41:03.046Z"}
error: GET /api/coaching/statistics? - 500 - invalid input syntax for type uuid: "statistics" {"timestamp":"2025-11-15T11:44:27.673Z"}
error: GET /api/coaching/progress? - 500 - invalid input syntax for type uuid: "progress" {"timestamp":"2025-11-15T11:44:27.676Z"}
error: GET /api/coaching/progress? - 500 - invalid input syntax for type uuid: "progress" {"timestamp":"2025-11-15T11:44:27.692Z"}
error: GET /api/coaching/statistics? - 500 - invalid input syntax for type uuid: "statistics" {"timestamp":"2025-11-15T11:44:27.693Z"}
error: GET /api/activity-logs?page=1&limit=50&clientId=t - 500 - invalid input syntax for type uuid: "t" {"timestamp":"2025-11-17T08:21:20.714Z"}
error: GET /api/activity-logs?page=1&limit=50&clientId=tf - 500 - invalid input syntax for type uuid: "tf" {"timestamp":"2025-11-17T08:21:22.007Z"}
error: GET /api/activity-logs?page=1&limit=50&clientId=z - 500 - invalid input syntax for type uuid: "z" {"timestamp":"2025-11-17T10:48:59.168Z"}
error: GET /api/activity-logs?page=1&limit=50&clientId=ze - 500 - invalid input syntax for type uuid: "ze" {"timestamp":"2025-11-17T10:48:59.903Z"}
error: GET /api/activity-logs?page=1&limit=50&clientId=z - 500 - invalid input syntax for type uuid: "z" {"timestamp":"2025-11-17T10:49:00.114Z"}
error: GET /api/activity-logs?page=1&limit=50&clientId=d - 500 - invalid input syntax for type uuid: "d" {"timestamp":"2025-11-17T10:49:00.877Z"}
error: GET /api/activity-logs?page=1&limit=50&clientId=ds - 500 - invalid input syntax for type uuid: "ds" {"timestamp":"2025-11-17T10:49:01.017Z"}
error: GET /api/activity-logs?page=1&limit=50&clientId=dsd - 500 - invalid input syntax for type uuid: "dsd" {"timestamp":"2025-11-17T10:49:01.147Z"}
error: GET /api/activity-logs?page=1&limit=50&clientId=dsds - 500 - invalid input syntax for type uuid: "dsds" {"timestamp":"2025-11-17T10:49:01.245Z"}
error: GET /api/activity-logs?page=1&limit=50&clientId=3 - 500 - invalid input syntax for type uuid: "3" {"timestamp":"2025-11-17T10:49:03.244Z"}
error: GET /api/activity-logs?page=1&limit=50&clientId=33 - 500 - invalid input syntax for type uuid: "33" {"timestamp":"2025-11-17T10:49:03.513Z"}
error: GET /api/activity-logs?page=1&limit=50&clientId=332 - 500 - invalid input syntax for type uuid: "332" {"timestamp":"2025-11-17T10:49:03.722Z"}
error: GET /api/activity-logs?page=1&limit=50&clientId=3322 - 500 - invalid input syntax for type uuid: "3322" {"timestamp":"2025-11-17T10:49:03.852Z"}
error: GET /api/diet-plan-templates - 500 - column "dietitian_id" does not exist {"timestamp":"2025-11-17T11:02:06.955Z"}
error: GET /api/diet-plan-templates - 500 - column "dietitian_id" does not exist {"timestamp":"2025-11-17T11:02:06.975Z"}
error: GET /api/diet-plan-templates - 500 - column "dietitian_id" does not exist {"timestamp":"2025-11-17T11:02:08.611Z"}
error: GET /api/diet-plan-templates - 500 - column "dietitian_id" does not exist {"timestamp":"2025-11-17T11:02:08.618Z"}
error: GET /api/diet-plan-templates - 500 - column "dietitian_id" does not exist {"timestamp":"2025-11-17T11:02:11.643Z"}
error: GET /api/diet-plan-templates - 500 - column "dietitian_id" does not exist {"timestamp":"2025-11-17T11:02:11.657Z"}
error: GET /api/diet-plan-templates - 500 - column "dietitian_id" does not exist {"timestamp":"2025-11-17T11:02:14.855Z"}
error: GET /api/diet-plan-templates - 500 - column "dietitian_id" does not exist {"timestamp":"2025-11-17T11:02:14.869Z"}
error: GET /api/diet-plan-templates - 500 - column "dietitian_id" does not exist {"timestamp":"2025-11-17T11:02:51.701Z"}
error: GET /api/diet-plan-templates - 500 - column "dietitian_id" does not exist {"timestamp":"2025-11-17T11:02:51.719Z"}
error: GET /api/diet-plans/57101d94-bbee-4949-85c0-482d206e37e4/assigned-clients - 500 - column reference "id" is ambiguous {"timestamp":"2025-11-17T17:13:24.868Z"}
error: GET /api/diet-plans/57101d94-bbee-4949-85c0-482d206e37e4/assigned-clients - 500 - column reference "id" is ambiguous {"timestamp":"2025-11-17T17:13:24.876Z"}
error: POST /api/diet-templates - 500 - request entity too large {"timestamp":"2025-11-17T18:15:39.719Z"}
error: POST /api/diet-templates - 500 - request entity too large {"timestamp":"2025-11-17T18:15:41.775Z"}
error: POST /api/diet-templates - 500 - request entity too large {"timestamp":"2025-11-17T19:01:16.522Z"}
error: POST /api/diet-templates - 500 - request entity too large {"timestamp":"2025-11-17T19:01:17.854Z"}
error: POST /api/diet-templates - 500 - request entity too large {"timestamp":"2025-11-17T19:01:23.287Z"}
error: POST /api/diet-templates - 500 - request entity too large {"timestamp":"2025-11-17T19:01:23.973Z"}
error: POST /api/diet-templates - 500 - request entity too large {"timestamp":"2025-11-17T19:01:24.144Z"}
error: PUT /api/diet-plans/2a8fa2c7-40b7-45d0-9a90-0200be27bb27 - 500 - request entity too large {"timestamp":"2025-11-20T20:43:33.171Z"}
error: GET /api/activity-logs?page=1&limit=50&clientId=5 - 500 - invalid input syntax for type uuid: "5" {"timestamp":"2025-11-21T10:42:53.860Z"}
error: GET /api/activity-logs?page=1&limit=50&clientId=3 - 500 - Error: invalid input syntax for type uuid: "3" {"error":{"code":"22P02","file":"uuid.c","length":133,"line":"138","name":"error","routine":"string_to_uuid","severity":"ERROR","where":"unnamed portal parameter $2 = '...'"},"stack":"error: invalid input syntax for type uuid: \"3\"\n    at /Users/tolgabayrak/Desktop/diyetisyen-app/backend/node_modules/pg-pool/index.js:45:11\n    at process.processTicksAndRejections (node:internal/process/task_queues:105:5)\n    at async ActivityLogService.getLogs (file:///Users/tolgabayrak/Desktop/diyetisyen-app/backend/src/service/activity-log-service.js:27:24)\n    at async ActivityLogController.getLogs (file:///Users/tolgabayrak/Desktop/diyetisyen-app/backend/src/controller/activity-log-controller.js:14:28)","timestamp":"2025-11-23T09:07:31.574Z"}
error: GET /api/activity-logs?page=1&limit=50&clientId=5 - 500 - Error: invalid input syntax for type uuid: "5" {"error":{"code":"22P02","file":"uuid.c","length":133,"line":"138","name":"error","routine":"string_to_uuid","severity":"ERROR","where":"unnamed portal parameter $2 = '...'"},"stack":"error: invalid input syntax for type uuid: \"5\"\n    at /Users/tolgabayrak/Desktop/diyetisyen-app/backend/node_modules/pg-pool/index.js:45:11\n    at process.processTicksAndRejections (node:internal/process/task_queues:105:5)\n    at async ActivityLogService.getLogs (file:///Users/tolgabayrak/Desktop/diyetisyen-app/backend/src/service/activity-log-service.js:27:24)\n    at async ActivityLogController.getLogs (file:///Users/tolgabayrak/Desktop/diyetisyen-app/backend/src/controller/activity-log-controller.js:14:28)","timestamp":"2025-11-23T09:07:33.888Z"}
error: Unexpected database pool error: Connection terminated unexpectedly {"client":{"_connected":true,"_connecting":false,"_connectionCallback":null,"_connectionError":false,"_connectionTimeoutMillis":30000,"_ended":true,"_ending":true,"_events":{},"_eventsCount":1,"_poolUseCount":6,"_queryable":false,"_types":{"_types":{"arrayParser":{},"builtins":{"ABSTIME":702,"ACLITEM":1033,"BIT":1560,"BOOL":16,"BPCHAR":1042,"BYTEA":17,"CHAR":18,"CID":29,"CIDR":650,"CIRCLE":718,"DATE":1082,"FLOAT4":700,"FLOAT8":701,"GTSVECTOR":3642,"INET":869,"INT2":21,"INT4":23,"INT8":20,"INTERVAL":1186,"JSON":114,"JSONB":3802,"MACADDR":829,"MACADDR8":774,"MONEY":790,"NUMERIC":1700,"OID":26,"PATH":602,"PG_DEPENDENCIES":3402,"PG_LSN":3220,"PG_NDISTINCT":3361,"PG_NODE_TREE":194,"POLYGON":604,"REFCURSOR":1790,"REGCLASS":2205,"REGCONFIG":3734,"REGDICTIONARY":3769,"REGNAMESPACE":4089,"REGOPER":2203,"REGOPERATOR":2204,"REGPROC":24,"REGPROCEDURE":2202,"REGROLE":4096,"REGTYPE":2206,"RELTIME":703,"SMGR":210,"TEXT":25,"TID":27,"TIME":1083,"TIMESTAMP":1114,"TIMESTAMPTZ":1184,"TIMETZ":1266,"TINTERVAL":704,"TSQUERY":3615,"TSVECTOR":3614,"TXID_SNAPSHOT":2970,"UUID":2950,"VARBIT":1562,"VARCHAR":1043,"XID":28,"XML":142}},"binary":{},"text":{}},"activeQuery":null,"binary":false,"connection":{"_connecting":true,"_emitMessage":false,"_ending":true,"_events":{},"_eventsCount":23,"_keepAlive":false,"_keepAliveInitialDelayMillis":0,"lastBuffer":false,"parsedStatements":{},"ssl":false,"stream":{"_closeAfterHandlingError":false,"_events":{"end":[null,null]},"_eventsCount":4,"_hadError":false,"_host":"localhost","_parent":null,"_pendingData":null,"_pendingEncoding":"","_readableState":{"awaitDrainWriters":null,"buffer":[],"bufferIndex":0,"highWaterMark":65536,"length":0,"pipes":[]},"_server":null,"_sockname":null,"_writableState":{"bufferedIndex":0,"corked":0,"highWaterMark":65536,"length":0,"pendingcb":0,"writelen":0},"allowHalfOpen":false,"autoSelectFamilyAttemptedAddresses":["::1:5435"],"connecting":false,"server":null}},"connectionParameters":{"binary":false,"client_encoding":"","connect_timeout":30,"database":"db5","host":"localhost","idle_in_transaction_session_timeout":false,"isDomainSocket":false,"lock_timeout":false,"port":5435,"query_timeout":false,"ssl":false,"statement_timeout":false,"user":"root5"},"connectionTimeoutHandle":{"_destroyed":true,"_idleNext":null,"_idlePrev":null,"_idleStart":532734,"_idleTimeout":-1,"_onTimeout":null,"_repeat":null},"database":"db5","enableChannelBinding":false,"hasExecuted":true,"host":"localhost","port":5435,"processID":454,"queryQueue":[],"readyForQuery":true,"saslSession":null,"secretKey":-1676128553,"ssl":false,"user":"root5"},"stack":"Error: Connection terminated unexpectedly\n    at Connection.<anonymous> (/Users/tolgabayrak/Desktop/diyetisyen-app/backend/node_modules/pg/lib/client.js:136:73)\n    at Object.onceWrapper (node:events:638:28)\n    at Connection.emit (node:events:524:28)\n    at Socket.<anonymous> (/Users/tolgabayrak/Desktop/diyetisyen-app/backend/node_modules/pg/lib/connection.js:62:12)\n    at Socket.emit (node:events:524:28)\n    at TCP.<anonymous> (node:net:350:12)","timestamp":"2025-11-23T20:00:33.968Z"}
error: Unexpected database pool error: Connection terminated unexpectedly {"client":{"_connected":true,"_connecting":false,"_connectionCallback":null,"_connectionError":false,"_connectionTimeoutMillis":30000,"_ended":true,"_ending":true,"_events":{},"_eventsCount":1,"_poolUseCount":5,"_queryable":false,"_types":{"_types":{"arrayParser":{},"builtins":{"ABSTIME":702,"ACLITEM":1033,"BIT":1560,"BOOL":16,"BPCHAR":1042,"BYTEA":17,"CHAR":18,"CID":29,"CIDR":650,"CIRCLE":718,"DATE":1082,"FLOAT4":700,"FLOAT8":701,"GTSVECTOR":3642,"INET":869,"INT2":21,"INT4":23,"INT8":20,"INTERVAL":1186,"JSON":114,"JSONB":3802,"MACADDR":829,"MACADDR8":774,"MONEY":790,"NUMERIC":1700,"OID":26,"PATH":602,"PG_DEPENDENCIES":3402,"PG_LSN":3220,"PG_NDISTINCT":3361,"PG_NODE_TREE":194,"POLYGON":604,"REFCURSOR":1790,"REGCLASS":2205,"REGCONFIG":3734,"REGDICTIONARY":3769,"REGNAMESPACE":4089,"REGOPER":2203,"REGOPERATOR":2204,"REGPROC":24,"REGPROCEDURE":2202,"REGROLE":4096,"REGTYPE":2206,"RELTIME":703,"SMGR":210,"TEXT":25,"TID":27,"TIME":1083,"TIMESTAMP":1114,"TIMESTAMPTZ":1184,"TIMETZ":1266,"TINTERVAL":704,"TSQUERY":3615,"TSVECTOR":3614,"TXID_SNAPSHOT":2970,"UUID":2950,"VARBIT":1562,"VARCHAR":1043,"XID":28,"XML":142}},"binary":{},"text":{}},"activeQuery":null,"binary":false,"connection":{"_connecting":true,"_emitMessage":false,"_ending":true,"_events":{},"_eventsCount":23,"_keepAlive":false,"_keepAliveInitialDelayMillis":0,"lastBuffer":false,"parsedStatements":{},"ssl":false,"stream":{"_closeAfterHandlingError":false,"_events":{"end":[null,null]},"_eventsCount":4,"_hadError":false,"_host":"localhost","_parent":null,"_pendingData":null,"_pendingEncoding":"","_readableState":{"awaitDrainWriters":null,"buffer":[],"bufferIndex":0,"highWaterMark":65536,"length":0,"pipes":[]},"_server":null,"_sockname":null,"_writableState":{"bufferedIndex":0,"corked":0,"highWaterMark":65536,"length":0,"pendingcb":0,"writelen":0},"allowHalfOpen":false,"autoSelectFamilyAttemptedAddresses":["::1:5435"],"connecting":false,"server":null}},"connectionParameters":{"binary":false,"client_encoding":"","connect_timeout":30,"database":"db5","host":"localhost","idle_in_transaction_session_timeout":false,"isDomainSocket":false,"lock_timeout":false,"port":5435,"query_timeout":false,"ssl":false,"statement_timeout":false,"user":"root5"},"connectionTimeoutHandle":{"_destroyed":true,"_idleNext":null,"_idlePrev":null,"_idleStart":180,"_idleTimeout":-1,"_onTimeout":null,"_repeat":null},"database":"db5","enableChannelBinding":false,"hasExecuted":true,"host":"localhost","port":5435,"processID":427,"queryQueue":[],"readyForQuery":true,"saslSession":null,"secretKey":852138143,"ssl":false,"user":"root5"},"stack":"Error: Connection terminated unexpectedly\n    at Connection.<anonymous> (/Users/tolgabayrak/Desktop/diyetisyen-app/backend/node_modules/pg/lib/client.js:136:73)\n    at Object.onceWrapper (node:events:638:28)\n    at Connection.emit (node:events:524:28)\n    at Socket.<anonymous> (/Users/tolgabayrak/Desktop/diyetisyen-app/backend/node_modules/pg/lib/connection.js:62:12)\n    at Socket.emit (node:events:524:28)\n    at TCP.<anonymous> (node:net:350:12)","timestamp":"2025-11-23T20:00:33.978Z"}
error: PayTR token service error: plan.price.toFixed is not a function {"stack":"TypeError: plan.price.toFixed is not a function\n    at PayTRService.getToken (file:///Users/tolgabayrak/Desktop/diyetisyen-app/backend/src/service/paytr-service.js:51:102)\n    at process.processTicksAndRejections (node:internal/process/task_queues:105:5)\n    at async PayTRController.getToken (file:///Users/tolgabayrak/Desktop/diyetisyen-app/backend/src/controller/paytr-controller.js:26:28)","timestamp":"2025-11-24T14:39:04.989Z"}
error: PayTR token service error: plan.price.toFixed is not a function {"stack":"TypeError: plan.price.toFixed is not a function\n    at PayTRService.getToken (file:///Users/tolgabayrak/Desktop/diyetisyen-app/backend/src/service/paytr-service.js:51:102)\n    at process.processTicksAndRejections (node:internal/process/task_queues:105:5)\n    at async PayTRController.getToken (file:///Users/tolgabayrak/Desktop/diyetisyen-app/backend/src/controller/paytr-controller.js:26:28)","timestamp":"2025-11-24T14:39:04.992Z"}
error: PayTR token service error: plan.price.toFixed is not a function {"stack":"TypeError: plan.price.toFixed is not a function\n    at PayTRService.getToken (file:///Users/tolgabayrak/Desktop/diyetisyen-app/backend/src/service/paytr-service.js:51:102)\n    at process.processTicksAndRejections (node:internal/process/task_queues:105:5)\n    at async PayTRController.getToken (file:///Users/tolgabayrak/Desktop/diyetisyen-app/backend/src/controller/paytr-controller.js:26:28)","timestamp":"2025-11-24T14:39:08.269Z"}
error: PayTR token service error: plan.price.toFixed is not a function {"stack":"TypeError: plan.price.toFixed is not a function\n    at PayTRService.getToken (file:///Users/tolgabayrak/Desktop/diyetisyen-app/backend/src/service/paytr-service.js:51:102)\n    at process.processTicksAndRejections (node:internal/process/task_queues:105:5)\n    at async PayTRController.getToken (file:///Users/tolgabayrak/Desktop/diyetisyen-app/backend/src/controller/paytr-controller.js:26:28)","timestamp":"2025-11-24T14:39:08.271Z"}
error: PayTR token service error: plan.price.toFixed is not a function {"stack":"TypeError: plan.price.toFixed is not a function\n    at PayTRService.getToken (file:///Users/tolgabayrak/Desktop/diyetisyen-app/backend/src/service/paytr-service.js:51:102)\n    at process.processTicksAndRejections (node:internal/process/task_queues:105:5)\n    at async PayTRController.getToken (file:///Users/tolgabayrak/Desktop/diyetisyen-app/backend/src/controller/paytr-controller.js:26:28)","timestamp":"2025-11-24T14:39:23.710Z"}
error: PayTR token error: {"timestamp":"2025-11-24T14:40:11.168Z"}
error: PayTR token service error: PayTR token hatası: Zorunlu alan degeri gecersiz veya gonderilmedi (get-token): user_address {"stack":"Error: PayTR token hatası: Zorunlu alan degeri gecersiz veya gonderilmedi (get-token): user_address\n    at PayTRService.getToken (file:///Users/tolgabayrak/Desktop/diyetisyen-app/backend/src/service/paytr-service.js:115:23)\n    at process.processTicksAndRejections (node:internal/process/task_queues:105:5)\n    at async PayTRController.getToken (file:///Users/tolgabayrak/Desktop/diyetisyen-app/backend/src/controller/paytr-controller.js:26:28)","status":400,"timestamp":"2025-11-24T14:40:11.169Z"}
error: PayTR token error: {"timestamp":"2025-11-24T14:40:11.180Z"}
error: PayTR token service error: PayTR token hatası: Zorunlu alan degeri gecersiz veya gonderilmedi (get-token): user_address {"stack":"Error: PayTR token hatası: Zorunlu alan degeri gecersiz veya gonderilmedi (get-token): user_address\n    at PayTRService.getToken (file:///Users/tolgabayrak/Desktop/diyetisyen-app/backend/src/service/paytr-service.js:115:23)\n    at process.processTicksAndRejections (node:internal/process/task_queues:105:5)\n    at async PayTRController.getToken (file:///Users/tolgabayrak/Desktop/diyetisyen-app/backend/src/controller/paytr-controller.js:26:28)","status":400,"timestamp":"2025-11-24T14:40:11.180Z"}
error: PayTR token error: {"timestamp":"2025-11-24T14:40:21.571Z"}
error: PayTR token service error: PayTR token hatası: Zorunlu alan degeri gecersiz veya gonderilmedi (get-token): user_address {"stack":"Error: PayTR token hatası: Zorunlu alan degeri gecersiz veya gonderilmedi (get-token): user_address\n    at PayTRService.getToken (file:///Users/tolgabayrak/Desktop/diyetisyen-app/backend/src/service/paytr-service.js:115:23)\n    at process.processTicksAndRejections (node:internal/process/task_queues:105:5)\n    at async PayTRController.getToken (file:///Users/tolgabayrak/Desktop/diyetisyen-app/backend/src/controller/paytr-controller.js:26:28)","status":400,"timestamp":"2025-11-24T14:40:21.572Z"}
error: PayTR token error: {"timestamp":"2025-11-24T14:40:21.581Z"}
error: PayTR token service error: PayTR token hatası: Zorunlu alan degeri gecersiz veya gonderilmedi (get-token): user_address {"stack":"Error: PayTR token hatası: Zorunlu alan degeri gecersiz veya gonderilmedi (get-token): user_address\n    at PayTRService.getToken (file:///Users/tolgabayrak/Desktop/diyetisyen-app/backend/src/service/paytr-service.js:115:23)\n    at process.processTicksAndRejections (node:internal/process/task_queues:105:5)\n    at async PayTRController.getToken (file:///Users/tolgabayrak/Desktop/diyetisyen-app/backend/src/controller/paytr-controller.js:26:28)","status":400,"timestamp":"2025-11-24T14:40:21.581Z"}
error: PayTR token error: {"timestamp":"2025-11-24T14:40:26.190Z"}
error: PayTR token service error: PayTR token hatası: Zorunlu alan degeri gecersiz veya gonderilmedi (get-token): user_address {"stack":"Error: PayTR token hatası: Zorunlu alan degeri gecersiz veya gonderilmedi (get-token): user_address\n    at PayTRService.getToken (file:///Users/tolgabayrak/Desktop/diyetisyen-app/backend/src/service/paytr-service.js:115:23)\n    at process.processTicksAndRejections (node:internal/process/task_queues:105:5)\n    at async PayTRController.getToken (file:///Users/tolgabayrak/Desktop/diyetisyen-app/backend/src/controller/paytr-controller.js:26:28)","status":400,"timestamp":"2025-11-24T14:40:26.192Z"}
error: PayTR token error: {"timestamp":"2025-11-24T14:40:26.225Z"}
error: PayTR token service error: PayTR token hatası: Zorunlu alan degeri gecersiz veya gonderilmedi (get-token): user_address {"stack":"Error: PayTR token hatası: Zorunlu alan degeri gecersiz veya gonderilmedi (get-token): user_address\n    at PayTRService.getToken (file:///Users/tolgabayrak/Desktop/diyetisyen-app/backend/src/service/paytr-service.js:115:23)\n    at process.processTicksAndRejections (node:internal/process/task_queues:105:5)\n    at async PayTRController.getToken (file:///Users/tolgabayrak/Desktop/diyetisyen-app/backend/src/controller/paytr-controller.js:26:28)","status":400,"timestamp":"2025-11-24T14:40:26.226Z"}
error: PayTR token error: {"timestamp":"2025-11-24T14:40:40.647Z"}
error: PayTR token service error: PayTR token hatası: Zorunlu alan degeri gecersiz veya gonderilmedi (get-token): user_address {"stack":"Error: PayTR token hatası: Zorunlu alan degeri gecersiz veya gonderilmedi (get-token): user_address\n    at PayTRService.getToken (file:///Users/tolgabayrak/Desktop/diyetisyen-app/backend/src/service/paytr-service.js:115:23)\n    at process.processTicksAndRejections (node:internal/process/task_queues:105:5)\n    at async PayTRController.getToken (file:///Users/tolgabayrak/Desktop/diyetisyen-app/backend/src/controller/paytr-controller.js:26:28)","status":400,"timestamp":"2025-11-24T14:40:40.648Z"}
error: PayTR token error: {"timestamp":"2025-11-24T14:40:40.694Z"}
error: PayTR token service error: PayTR token hatası: Zorunlu alan degeri gecersiz veya gonderilmedi (get-token): user_address {"stack":"Error: PayTR token hatası: Zorunlu alan degeri gecersiz veya gonderilmedi (get-token): user_address\n    at PayTRService.getToken (file:///Users/tolgabayrak/Desktop/diyetisyen-app/backend/src/service/paytr-service.js:115:23)\n    at process.processTicksAndRejections (node:internal/process/task_queues:105:5)\n    at async PayTRController.getToken (file:///Users/tolgabayrak/Desktop/diyetisyen-app/backend/src/controller/paytr-controller.js:26:28)","status":400,"timestamp":"2025-11-24T14:40:40.694Z"}
error: PayTR token error: {"timestamp":"2025-11-24T14:40:45.023Z"}
error: PayTR token service error: PayTR token hatası: Zorunlu alan degeri gecersiz veya gonderilmedi (get-token): user_address {"stack":"Error: PayTR token hatası: Zorunlu alan degeri gecersiz veya gonderilmedi (get-token): user_address\n    at PayTRService.getToken (file:///Users/tolgabayrak/Desktop/diyetisyen-app/backend/src/service/paytr-service.js:115:23)\n    at process.processTicksAndRejections (node:internal/process/task_queues:105:5)\n    at async PayTRController.getToken (file:///Users/tolgabayrak/Desktop/diyetisyen-app/backend/src/controller/paytr-controller.js:26:28)","status":400,"timestamp":"2025-11-24T14:40:45.024Z"}
error: PayTR token error: {"timestamp":"2025-11-24T14:40:45.101Z"}
error: PayTR token service error: PayTR token hatası: Zorunlu alan degeri gecersiz veya gonderilmedi (get-token): user_address {"stack":"Error: PayTR token hatası: Zorunlu alan degeri gecersiz veya gonderilmedi (get-token): user_address\n    at PayTRService.getToken (file:///Users/tolgabayrak/Desktop/diyetisyen-app/backend/src/service/paytr-service.js:115:23)\n    at process.processTicksAndRejections (node:internal/process/task_queues:105:5)\n    at async PayTRController.getToken (file:///Users/tolgabayrak/Desktop/diyetisyen-app/backend/src/controller/paytr-controller.js:26:28)","status":400,"timestamp":"2025-11-24T14:40:45.102Z"}
error: PayTR token error: {"timestamp":"2025-11-24T14:47:08.609Z"}
error: PayTR token service error: PayTR token hatası: merchant_oid alfanumerik olmalidir, ozel karakter iceremez {"stack":"Error: PayTR token hatası: merchant_oid alfanumerik olmalidir, ozel karakter iceremez\n    at PayTRService.getToken (file:///Users/tolgabayrak/Desktop/diyetisyen-app/backend/src/service/paytr-service.js:118:23)\n    at process.processTicksAndRejections (node:internal/process/task_queues:105:5)\n    at async PayTRController.getToken (file:///Users/tolgabayrak/Desktop/diyetisyen-app/backend/src/controller/paytr-controller.js:26:28)","status":400,"timestamp":"2025-11-24T14:47:08.610Z"}
error: PayTR token error: {"timestamp":"2025-11-24T14:47:08.692Z"}
error: PayTR token service error: PayTR token hatası: merchant_oid alfanumerik olmalidir, ozel karakter iceremez {"stack":"Error: PayTR token hatası: merchant_oid alfanumerik olmalidir, ozel karakter iceremez\n    at PayTRService.getToken (file:///Users/tolgabayrak/Desktop/diyetisyen-app/backend/src/service/paytr-service.js:118:23)\n    at process.processTicksAndRejections (node:internal/process/task_queues:105:5)\n    at async PayTRController.getToken (file:///Users/tolgabayrak/Desktop/diyetisyen-app/backend/src/controller/paytr-controller.js:26:28)","status":400,"timestamp":"2025-11-24T14:47:08.692Z"}
error: PayTR token error: {"timestamp":"2025-11-24T14:47:54.010Z"}
error: PayTR token service error: PayTR token hatası: paytr_token gonderilmedi veya gecersiz (get-token) {"stack":"Error: PayTR token hatası: paytr_token gonderilmedi veya gecersiz (get-token)\n    at PayTRService.getToken (file:///Users/tolgabayrak/Desktop/diyetisyen-app/backend/src/service/paytr-service.js:122:23)\n    at process.processTicksAndRejections (node:internal/process/task_queues:105:5)\n    at async PayTRController.getToken (file:///Users/tolgabayrak/Desktop/diyetisyen-app/backend/src/controller/paytr-controller.js:26:28)","status":400,"timestamp":"2025-11-24T14:47:54.012Z"}
error: PayTR token error: {"timestamp":"2025-11-24T14:47:54.021Z"}
error: PayTR token service error: PayTR token hatası: paytr_token gonderilmedi veya gecersiz (get-token) {"stack":"Error: PayTR token hatası: paytr_token gonderilmedi veya gecersiz (get-token)\n    at PayTRService.getToken (file:///Users/tolgabayrak/Desktop/diyetisyen-app/backend/src/service/paytr-service.js:122:23)\n    at process.processTicksAndRejections (node:internal/process/task_queues:105:5)\n    at async PayTRController.getToken (file:///Users/tolgabayrak/Desktop/diyetisyen-app/backend/src/controller/paytr-controller.js:26:28)","status":400,"timestamp":"2025-11-24T14:47:54.022Z"}
error: PayTR token error: {"timestamp":"2025-11-24T14:47:56.794Z"}
error: PayTR token service error: PayTR token hatası: paytr_token gonderilmedi veya gecersiz (get-token) {"stack":"Error: PayTR token hatası: paytr_token gonderilmedi veya gecersiz (get-token)\n    at PayTRService.getToken (file:///Users/tolgabayrak/Desktop/diyetisyen-app/backend/src/service/paytr-service.js:122:23)\n    at process.processTicksAndRejections (node:internal/process/task_queues:105:5)\n    at async PayTRController.getToken (file:///Users/tolgabayrak/Desktop/diyetisyen-app/backend/src/controller/paytr-controller.js:26:28)","status":400,"timestamp":"2025-11-24T14:47:56.795Z"}
error: PayTR token error: {"timestamp":"2025-11-24T14:47:56.796Z"}
error: PayTR token service error: PayTR token hatası: paytr_token gonderilmedi veya gecersiz (get-token) {"stack":"Error: PayTR token hatası: paytr_token gonderilmedi veya gecersiz (get-token)\n    at PayTRService.getToken (file:///Users/tolgabayrak/Desktop/diyetisyen-app/backend/src/service/paytr-service.js:122:23)\n    at process.processTicksAndRejections (node:internal/process/task_queues:105:5)\n    at async PayTRController.getToken (file:///Users/tolgabayrak/Desktop/diyetisyen-app/backend/src/controller/paytr-controller.js:26:28)","status":400,"timestamp":"2025-11-24T14:47:56.797Z"}
error: PayTR token error: {"timestamp":"2025-11-24T14:47:58.233Z"}
error: PayTR token service error: PayTR token hatası: paytr_token gonderilmedi veya gecersiz (get-token) {"stack":"Error: PayTR token hatası: paytr_token gonderilmedi veya gecersiz (get-token)\n    at PayTRService.getToken (file:///Users/tolgabayrak/Desktop/diyetisyen-app/backend/src/service/paytr-service.js:122:23)\n    at process.processTicksAndRejections (node:internal/process/task_queues:105:5)\n    at async PayTRController.getToken (file:///Users/tolgabayrak/Desktop/diyetisyen-app/backend/src/controller/paytr-controller.js:26:28)","status":400,"timestamp":"2025-11-24T14:47:58.234Z"}
error: PayTR token error: {"timestamp":"2025-11-24T14:47:58.254Z"}
error: PayTR token service error: PayTR token hatası: paytr_token gonderilmedi veya gecersiz (get-token) {"stack":"Error: PayTR token hatası: paytr_token gonderilmedi veya gecersiz (get-token)\n    at PayTRService.getToken (file:///Users/tolgabayrak/Desktop/diyetisyen-app/backend/src/service/paytr-service.js:122:23)\n    at process.processTicksAndRejections (node:internal/process/task_queues:105:5)\n    at async PayTRController.getToken (file:///Users/tolgabayrak/Desktop/diyetisyen-app/backend/src/controller/paytr-controller.js:26:28)","status":400,"timestamp":"2025-11-24T14:47:58.254Z"}
error: PayTR token error: {"timestamp":"2025-11-24T14:48:06.192Z"}
error: PayTR token service error: PayTR token hatası: paytr_token gonderilmedi veya gecersiz (get-token) {"stack":"Error: PayTR token hatası: paytr_token gonderilmedi veya gecersiz (get-token)\n    at PayTRService.getToken (file:///Users/tolgabayrak/Desktop/diyetisyen-app/backend/src/service/paytr-service.js:122:23)\n    at process.processTicksAndRejections (node:internal/process/task_queues:105:5)\n    at async PayTRController.getToken (file:///Users/tolgabayrak/Desktop/diyetisyen-app/backend/src/controller/paytr-controller.js:26:28)","status":400,"timestamp":"2025-11-24T14:48:06.194Z"}
error: PayTR token error: {"timestamp":"2025-11-24T14:48:06.211Z"}
error: PayTR token service error: PayTR token hatası: paytr_token gonderilmedi veya gecersiz (get-token) {"stack":"Error: PayTR token hatası: paytr_token gonderilmedi veya gecersiz (get-token)\n    at PayTRService.getToken (file:///Users/tolgabayrak/Desktop/diyetisyen-app/backend/src/service/paytr-service.js:122:23)\n    at process.processTicksAndRejections (node:internal/process/task_queues:105:5)\n    at async PayTRController.getToken (file:///Users/tolgabayrak/Desktop/diyetisyen-app/backend/src/controller/paytr-controller.js:26:28)","status":400,"timestamp":"2025-11-24T14:48:06.211Z"}
error: PayTR token error: {"timestamp":"2025-11-24T14:48:50.449Z"}
error: PayTR token service error: PayTR token hatası: paytr_token gonderilmedi veya gecersiz (get-token) {"stack":"Error: PayTR token hatası: paytr_token gonderilmedi veya gecersiz (get-token)\n    at PayTRService.getToken (file:///Users/tolgabayrak/Desktop/diyetisyen-app/backend/src/service/paytr-service.js:122:23)\n    at process.processTicksAndRejections (node:internal/process/task_queues:105:5)\n    at async PayTRController.getToken (file:///Users/tolgabayrak/Desktop/diyetisyen-app/backend/src/controller/paytr-controller.js:26:28)","status":400,"timestamp":"2025-11-24T14:48:50.453Z"}
error: PayTR token error: {"timestamp":"2025-11-24T14:48:50.474Z"}
error: PayTR token service error: PayTR token hatası: paytr_token gonderilmedi veya gecersiz (get-token) {"stack":"Error: PayTR token hatası: paytr_token gonderilmedi veya gecersiz (get-token)\n    at PayTRService.getToken (file:///Users/tolgabayrak/Desktop/diyetisyen-app/backend/src/service/paytr-service.js:122:23)\n    at process.processTicksAndRejections (node:internal/process/task_queues:105:5)\n    at async PayTRController.getToken (file:///Users/tolgabayrak/Desktop/diyetisyen-app/backend/src/controller/paytr-controller.js:26:28)","status":400,"timestamp":"2025-11-24T14:48:50.475Z"}
error: PayTR token error: {"timestamp":"2025-11-24T14:48:53.521Z"}
error: PayTR token service error: PayTR token hatası: paytr_token gonderilmedi veya gecersiz (get-token) {"stack":"Error: PayTR token hatası: paytr_token gonderilmedi veya gecersiz (get-token)\n    at PayTRService.getToken (file:///Users/tolgabayrak/Desktop/diyetisyen-app/backend/src/service/paytr-service.js:122:23)\n    at process.processTicksAndRejections (node:internal/process/task_queues:105:5)\n    at async PayTRController.getToken (file:///Users/tolgabayrak/Desktop/diyetisyen-app/backend/src/controller/paytr-controller.js:26:28)","status":400,"timestamp":"2025-11-24T14:48:53.522Z"}
error: PayTR token service error: Unexpected token '<', "<!doctype "... is not valid JSON {"stack":"SyntaxError: Unexpected token '<', \"<!doctype \"... is not valid JSON\n    at JSON.parse (<anonymous>)\n    at parseJSONFromBytes (node:internal/deps/undici/undici:5731:19)\n    at successSteps (node:internal/deps/undici/undici:5712:27)\n    at fullyReadBody (node:internal/deps/undici/undici:4609:9)\n    at process.processTicksAndRejections (node:internal/process/task_queues:105:5)\n    at async consumeBody (node:internal/deps/undici/undici:5721:7)\n    at async PayTRService.getToken (file:///Users/tolgabayrak/Desktop/diyetisyen-app/backend/src/service/paytr-service.js:113:26)\n    at async PayTRController.getToken (file:///Users/tolgabayrak/Desktop/diyetisyen-app/backend/src/controller/paytr-controller.js:26:28)","timestamp":"2025-11-24T14:56:15.182Z"}
error: PayTR token service error: Unexpected token '<', "<!doctype "... is not valid JSON {"stack":"SyntaxError: Unexpected token '<', \"<!doctype \"... is not valid JSON\n    at JSON.parse (<anonymous>)\n    at parseJSONFromBytes (node:internal/deps/undici/undici:5731:19)\n    at successSteps (node:internal/deps/undici/undici:5712:27)\n    at fullyReadBody (node:internal/deps/undici/undici:4609:9)\n    at process.processTicksAndRejections (node:internal/process/task_queues:105:5)\n    at async consumeBody (node:internal/deps/undici/undici:5721:7)\n    at async PayTRService.getToken (file:///Users/tolgabayrak/Desktop/diyetisyen-app/backend/src/service/paytr-service.js:113:26)\n    at async PayTRController.getToken (file:///Users/tolgabayrak/Desktop/diyetisyen-app/backend/src/controller/paytr-controller.js:26:28)","timestamp":"2025-11-24T14:56:15.202Z"}
error: PayTR token service error: Unexpected token '<', "<!doctype "... is not valid JSON {"stack":"SyntaxError: Unexpected token '<', \"<!doctype \"... is not valid JSON\n    at JSON.parse (<anonymous>)\n    at parseJSONFromBytes (node:internal/deps/undici/undici:5731:19)\n    at successSteps (node:internal/deps/undici/undici:5712:27)\n    at fullyReadBody (node:internal/deps/undici/undici:4609:9)\n    at process.processTicksAndRejections (node:internal/process/task_queues:105:5)\n    at async consumeBody (node:internal/deps/undici/undici:5721:7)\n    at async PayTRService.getToken (file:///Users/tolgabayrak/Desktop/diyetisyen-app/backend/src/service/paytr-service.js:113:26)\n    at async PayTRController.getToken (file:///Users/tolgabayrak/Desktop/diyetisyen-app/backend/src/controller/paytr-controller.js:26:28)","timestamp":"2025-11-24T14:56:18.494Z"}
error: PayTR token service error: Unexpected token '<', "<!doctype "... is not valid JSON {"stack":"SyntaxError: Unexpected token '<', \"<!doctype \"... is not valid JSON\n    at JSON.parse (<anonymous>)\n    at parseJSONFromBytes (node:internal/deps/undici/undici:5731:19)\n    at successSteps (node:internal/deps/undici/undici:5712:27)\n    at fullyReadBody (node:internal/deps/undici/undici:4609:9)\n    at process.processTicksAndRejections (node:internal/process/task_queues:105:5)\n    at async consumeBody (node:internal/deps/undici/undici:5721:7)\n    at async PayTRService.getToken (file:///Users/tolgabayrak/Desktop/diyetisyen-app/backend/src/service/paytr-service.js:113:26)\n    at async PayTRController.getToken (file:///Users/tolgabayrak/Desktop/diyetisyen-app/backend/src/controller/paytr-controller.js:26:28)","timestamp":"2025-11-24T14:56:18.508Z"}
error: PayTR token service error: Unexpected token '<', "<!doctype "... is not valid JSON {"stack":"SyntaxError: Unexpected token '<', \"<!doctype \"... is not valid JSON\n    at JSON.parse (<anonymous>)\n    at parseJSONFromBytes (node:internal/deps/undici/undici:5731:19)\n    at successSteps (node:internal/deps/undici/undici:5712:27)\n    at fullyReadBody (node:internal/deps/undici/undici:4609:9)\n    at process.processTicksAndRejections (node:internal/process/task_queues:105:5)\n    at async consumeBody (node:internal/deps/undici/undici:5721:7)\n    at async PayTRService.getToken (file:///Users/tolgabayrak/Desktop/diyetisyen-app/backend/src/service/paytr-service.js:113:26)\n    at async PayTRController.getToken (file:///Users/tolgabayrak/Desktop/diyetisyen-app/backend/src/controller/paytr-controller.js:26:28)","timestamp":"2025-11-24T14:56:22.993Z"}
